2020-02-14 02:28:48.740 Column ""DELETEME1581654528726"."UNUSED"" added to internal representation of table.
2020-02-14 02:28:48.755 Creating table "DELETEME1581654528726"
2020-02-14 02:28:48.761 CREATE TABLE "DELETEME1581654528726"
(
    "UNUSED" INTEGER NOT NULL
)
2020-02-14 02:28:48.764 Execution Time = 3 ms
2020-02-14 02:28:48.811 Dropping table "DELETEME1581654528726"
2020-02-14 02:28:48.811 DROP TABLE "DELETEME1581654528726"
2020-02-14 02:28:48.812 Execution Time = 1 ms
2020-02-14 02:28:49.341 Column ""DELETEME1581654529341"."UNUSED"" added to internal representation of table.
2020-02-14 02:28:49.342 Creating table "DELETEME1581654529341"
2020-02-14 02:28:49.342 CREATE TABLE "DELETEME1581654529341"
(
    "UNUSED" INTEGER NOT NULL
)
2020-02-14 02:28:49.343 Execution Time = 1 ms
2020-02-14 02:28:49.347 Dropping table "DELETEME1581654529341"
2020-02-14 02:28:49.347 DROP TABLE "DELETEME1581654529341"
2020-02-14 02:28:49.353 Execution Time = 3 ms
2020-02-14 02:28:49.486 Column ""myapp"."HelloWorldObject"."id"" added to internal representation of table.
2020-02-14 02:28:49.487 Field [DATASTORE_ID] -> Column(s) ["myapp"."HelloWorldObject"."id"] using mapping of type "org.datanucleus.store.rdbms.mapping.java.DatastoreIdMapping" (org.datanucleus.store.rdbms.mapping.datastore.BigIntRDBMSMapping)
2020-02-14 02:28:49.491 Table "myapp"."HelloWorldObject" will manage the persistence of the fields for class domainapp.dom.impl.HelloWorldObject (inheritance strategy="new-table") 
2020-02-14 02:28:49.493 Column ""myapp"."HelloWorldObject"."name"" added to internal representation of table.
2020-02-14 02:28:49.499 Field [domainapp.dom.impl.HelloWorldObject.name] -> Column(s) ["myapp"."HelloWorldObject"."name"] using mapping of type "org.datanucleus.store.rdbms.mapping.java.StringMapping" (org.datanucleus.store.rdbms.mapping.datastore.VarCharRDBMSMapping)
2020-02-14 02:28:49.499 Column ""myapp"."HelloWorldObject"."notes"" added to internal representation of table.
2020-02-14 02:28:49.499 Field [domainapp.dom.impl.HelloWorldObject.notes] -> Column(s) ["myapp"."HelloWorldObject"."notes"] using mapping of type "org.datanucleus.store.rdbms.mapping.java.StringMapping" (org.datanucleus.store.rdbms.mapping.datastore.VarCharRDBMSMapping)
2020-02-14 02:28:49.500 Column ""myapp"."HelloWorldObject"."version"" added to internal representation of table.
2020-02-14 02:28:49.501 Field [VERSION] -> Column(s) ["myapp"."HelloWorldObject"."version"] using mapping of type "org.datanucleus.store.rdbms.mapping.java.VersionTimestampMapping" (org.datanucleus.store.rdbms.mapping.datastore.TimestampRDBMSMapping)
2020-02-14 02:28:49.501 Table/View "myapp"."HelloWorldObject" has been initialised
2020-02-14 02:28:49.503 Schema Transaction started with connection "org.datanucleus.store.rdbms.datasource.dbcp.PoolingDataSource$PoolGuardConnectionWrapper@140caf38" with isolation "serializable"
2020-02-14 02:28:49.530 Check of existence of "myapp"."HelloWorldObject" returned no table
2020-02-14 02:28:49.531 Creating table "myapp"."HelloWorldObject"
2020-02-14 02:28:49.532 CREATE TABLE "myapp"."HelloWorldObject"
(
    "id" BIGINT GENERATED BY DEFAULT AS IDENTITY,
    "name" VARCHAR(40) NOT NULL,
    "notes" VARCHAR(4000) NULL,
    "version" TIMESTAMP NOT NULL,
    CONSTRAINT "HelloWorldObject_PK" PRIMARY KEY ("id")
)
2020-02-14 02:28:49.534 Execution Time = 2 ms
2020-02-14 02:28:49.547 Creating candidate key "HelloWorldObject_name_UNQ" in catalog "" schema ""myapp""
2020-02-14 02:28:49.548 ALTER TABLE "myapp"."HelloWorldObject" ADD CONSTRAINT "HelloWorldObject_name_UNQ" UNIQUE ("name")
2020-02-14 02:28:49.550 Execution Time = 2 ms
2020-02-14 02:28:49.551 Schema Transaction committing with connection "org.datanucleus.store.rdbms.datasource.dbcp.PoolingDataSource$PoolGuardConnectionWrapper@140caf38"
2020-02-14 02:28:49.551 Schema Transaction closing with connection "org.datanucleus.store.rdbms.datasource.dbcp.PoolingDataSource$PoolGuardConnectionWrapper@140caf38"
