2020-02-14 02:28:46.437 START: workQueue.size: 0, waited for: 0ms, InteractionDtoUtils.init()
2020-02-14 02:28:46.437 START: workQueue.size: 0, waited for: 1ms, SpecificationLoader#init()
2020-02-14 02:28:46.437 START: workQueue.size: 0, waited for: 0ms, persistenceSessionFactory#init(...)
2020-02-14 02:28:46.437 START: workQueue.size: 0, waited for: 0ms, ChangesDtoUtils.init()
2020-02-14 02:28:46.974 END: completed in: 537ms, ChangesDtoUtils.init()
2020-02-14 02:28:46.974 START: workQueue.size: 0, waited for: 538ms, CommandDtoUtils.init()
2020-02-14 02:28:47.000 END: completed in: 564ms, InteractionDtoUtils.init()
2020-02-14 02:28:47.001 START: workQueue.size: 1, waited for: 343ms, org.apache.isis.core.runtime.system.session.IsisSessionFactory: #introspectUpTo( TYPE_INTROSPECTED )
2020-02-14 02:28:47.031 END: completed in: 57ms, CommandDtoUtils.init()
2020-02-14 02:28:47.031 START: workQueue.size: 1, waited for: 373ms, org.apache.isis.core.runtime.system.persistence.PersistenceSessionFactory: #introspectUpTo( TYPE_INTROSPECTED )
2020-02-14 02:28:47.427 END: completed in: 426ms, org.apache.isis.core.runtime.system.session.IsisSessionFactory: #introspectUpTo( TYPE_INTROSPECTED )
2020-02-14 02:28:47.427 START: workQueue.size: 1, waited for: 769ms, org.apache.isis.core.metamodel.specloader.SpecificationLoader: #introspectUpTo( TYPE_INTROSPECTED )
2020-02-14 02:28:47.437 END: completed in: 406ms, org.apache.isis.core.runtime.system.persistence.PersistenceSessionFactory: #introspectUpTo( TYPE_INTROSPECTED )
2020-02-14 02:28:47.437 START: workQueue.size: 1, waited for: 779ms, org.apache.isis.core.runtime.authorization.standard.AuthorizationManagerStandard: #introspectUpTo( TYPE_INTROSPECTED )
2020-02-14 02:28:47.441 END: completed in: 14ms, org.apache.isis.core.metamodel.specloader.SpecificationLoader: #introspectUpTo( TYPE_INTROSPECTED )
2020-02-14 02:28:47.441 START: workQueue.size: 1, waited for: 783ms, org.apache.isis.core.runtime.authentication.standard.AuthenticationManagerStandard: #introspectUpTo( TYPE_INTROSPECTED )
2020-02-14 02:28:47.458 END: completed in: 21ms, org.apache.isis.core.runtime.authorization.standard.AuthorizationManagerStandard: #introspectUpTo( TYPE_INTROSPECTED )
2020-02-14 02:28:47.459 START: workQueue.size: 1, waited for: 801ms, org.apache.isis.core.commons.config.IsisConfigurationDefault: #introspectUpTo( TYPE_INTROSPECTED )
2020-02-14 02:28:47.465 END: completed in: 24ms, org.apache.isis.core.runtime.authentication.standard.AuthenticationManagerStandard: #introspectUpTo( TYPE_INTROSPECTED )
2020-02-14 02:28:47.465 START: workQueue.size: 1, waited for: 807ms, org.apache.isis.core.runtime.services.deplcat.DeploymentCategoryProviderDefault: #introspectUpTo( TYPE_INTROSPECTED )
2020-02-14 02:28:47.473 END: completed in: 8ms, org.apache.isis.core.runtime.services.deplcat.DeploymentCategoryProviderDefault: #introspectUpTo( TYPE_INTROSPECTED )
2020-02-14 02:28:47.474 START: workQueue.size: 1, waited for: 815ms, org.apache.isis.objectstore.jdo.datanucleus.service.eventbus.EventBusServiceJdo: #introspectUpTo( TYPE_INTROSPECTED )
2020-02-14 02:28:47.484 END: completed in: 11ms, org.apache.isis.objectstore.jdo.datanucleus.service.eventbus.EventBusServiceJdo: #introspectUpTo( TYPE_INTROSPECTED )
2020-02-14 02:28:47.484 START: workQueue.size: 1, waited for: 826ms, org.apache.isis.applib.services.queryresultscache.QueryResultsCache$Control: #introspectUpTo( TYPE_INTROSPECTED )
2020-02-14 02:28:47.491 END: completed in: 7ms, org.apache.isis.applib.services.queryresultscache.QueryResultsCache$Control: #introspectUpTo( TYPE_INTROSPECTED )
2020-02-14 02:28:47.491 START: workQueue.size: 1, waited for: 833ms, org.apache.isis.applib.services.fixturespec.FixtureScriptsDefault: #introspectUpTo( TYPE_INTROSPECTED )
2020-02-14 02:28:47.492 END: completed in: 33ms, org.apache.isis.core.commons.config.IsisConfigurationDefault: #introspectUpTo( TYPE_INTROSPECTED )
2020-02-14 02:28:47.493 START: workQueue.size: 1, waited for: 835ms, org.apache.isis.applib.services.layout.LayoutServiceMenu: #introspectUpTo( TYPE_INTROSPECTED )
2020-02-14 02:28:47.515 END: completed in: 22ms, org.apache.isis.applib.services.layout.LayoutServiceMenu: #introspectUpTo( TYPE_INTROSPECTED )
2020-02-14 02:28:47.516 START: workQueue.size: 1, waited for: 858ms, org.apache.isis.applib.services.metamodel.MetaModelServicesMenu: #introspectUpTo( TYPE_INTROSPECTED )
2020-02-14 02:28:47.524 END: completed in: 8ms, org.apache.isis.applib.services.metamodel.MetaModelServicesMenu: #introspectUpTo( TYPE_INTROSPECTED )
2020-02-14 02:28:47.524 START: workQueue.size: 1, waited for: 866ms, org.apache.isis.applib.services.swagger.SwaggerServiceMenu: #introspectUpTo( TYPE_INTROSPECTED )
2020-02-14 02:28:47.535 END: completed in: 11ms, org.apache.isis.applib.services.swagger.SwaggerServiceMenu: #introspectUpTo( TYPE_INTROSPECTED )
2020-02-14 02:28:47.535 START: workQueue.size: 1, waited for: 877ms, org.apache.isis.core.runtime.services.i18n.po.TranslationServicePoMenu: #introspectUpTo( TYPE_INTROSPECTED )
2020-02-14 02:28:47.537 END: completed in: 45ms, org.apache.isis.applib.services.fixturespec.FixtureScriptsDefault: #introspectUpTo( TYPE_INTROSPECTED )
2020-02-14 02:28:47.537 START: workQueue.size: 1, waited for: 879ms, org.apache.isis.applib.services.hsqldb.HsqlDbManagerMenu: #introspectUpTo( TYPE_INTROSPECTED )
2020-02-14 02:28:47.544 END: completed in: 9ms, org.apache.isis.core.runtime.services.i18n.po.TranslationServicePoMenu: #introspectUpTo( TYPE_INTROSPECTED )
2020-02-14 02:28:47.544 END: completed in: 7ms, org.apache.isis.applib.services.hsqldb.HsqlDbManagerMenu: #introspectUpTo( TYPE_INTROSPECTED )
2020-02-14 02:28:47.544 START: workQueue.size: 1, waited for: 886ms, org.apache.isis.applib.services.config.ConfigurationServiceMenu: #introspectUpTo( TYPE_INTROSPECTED )
2020-02-14 02:28:47.544 START: workQueue.size: 1, waited for: 886ms, org.apache.isis.applib.conmap.ContentMappingServiceForCommandDto$CopyOverFromCommand: #introspectUpTo( TYPE_INTROSPECTED )
2020-02-14 02:28:47.549 END: completed in: 4ms, org.apache.isis.applib.conmap.ContentMappingServiceForCommandDto$CopyOverFromCommand: #introspectUpTo( TYPE_INTROSPECTED )
2020-02-14 02:28:47.549 START: workQueue.size: 1, waited for: 891ms, domainapp.dom.impl.HelloWorldObjects: #introspectUpTo( TYPE_INTROSPECTED )
2020-02-14 02:28:47.549 END: completed in: 5ms, org.apache.isis.applib.services.config.ConfigurationServiceMenu: #introspectUpTo( TYPE_INTROSPECTED )
2020-02-14 02:28:47.549 START: workQueue.size: 1, waited for: 891ms, org.apache.isis.applib.services.dto.DtoMappingHelper: #introspectUpTo( TYPE_INTROSPECTED )
2020-02-14 02:28:47.552 END: completed in: 3ms, org.apache.isis.applib.services.dto.DtoMappingHelper: #introspectUpTo( TYPE_INTROSPECTED )
2020-02-14 02:28:47.552 START: workQueue.size: 1, waited for: 894ms, org.apache.isis.core.runtime.services.background.CommandExecutorServiceDefault: #introspectUpTo( TYPE_INTROSPECTED )
2020-02-14 02:28:47.553 END: completed in: 4ms, domainapp.dom.impl.HelloWorldObjects: #introspectUpTo( TYPE_INTROSPECTED )
2020-02-14 02:28:47.553 START: workQueue.size: 1, waited for: 895ms, org.apache.isis.core.runtime.services.menubars.MenuBarsLoaderServiceDefault: #introspectUpTo( TYPE_INTROSPECTED )
2020-02-14 02:28:47.559 END: completed in: 6ms, org.apache.isis.core.runtime.services.menubars.MenuBarsLoaderServiceDefault: #introspectUpTo( TYPE_INTROSPECTED )
2020-02-14 02:28:47.559 START: workQueue.size: 1, waited for: 901ms, org.apache.isis.core.runtime.services.menubars.bootstrap3.MenuBarsServiceBS3: #introspectUpTo( TYPE_INTROSPECTED )
2020-02-14 02:28:47.562 END: completed in: 10ms, org.apache.isis.core.runtime.services.background.CommandExecutorServiceDefault: #introspectUpTo( TYPE_INTROSPECTED )
2020-02-14 02:28:47.562 START: workQueue.size: 1, waited for: 904ms, org.apache.isis.core.runtime.services.userprof.UserProfileServiceDefault: #introspectUpTo( TYPE_INTROSPECTED )
2020-02-14 02:28:47.566 END: completed in: 4ms, org.apache.isis.core.runtime.services.userprof.UserProfileServiceDefault: #introspectUpTo( TYPE_INTROSPECTED )
2020-02-14 02:28:47.566 START: workQueue.size: 1, waited for: 908ms, org.apache.isis.viewer.restfulobjects.rendering.service.conneg.ContentNegotiationServiceXRoDomainType: #introspectUpTo( TYPE_INTROSPECTED )
2020-02-14 02:28:47.567 END: completed in: 8ms, org.apache.isis.core.runtime.services.menubars.bootstrap3.MenuBarsServiceBS3: #introspectUpTo( TYPE_INTROSPECTED )
2020-02-14 02:28:47.567 START: workQueue.size: 1, waited for: 909ms, org.apache.isis.viewer.restfulobjects.rendering.service.conneg.ContentNegotiationServiceOrgApacheIsisV1: #introspectUpTo( TYPE_INTROSPECTED )
2020-02-14 02:28:47.578 END: completed in: 11ms, org.apache.isis.viewer.restfulobjects.rendering.service.conneg.ContentNegotiationServiceOrgApacheIsisV1: #introspectUpTo( TYPE_INTROSPECTED )
2020-02-14 02:28:47.578 START: workQueue.size: 1, waited for: 920ms, org.apache.isis.core.runtime.services.message.MessageServiceDefault: #introspectUpTo( TYPE_INTROSPECTED )
2020-02-14 02:28:47.589 END: completed in: 11ms, org.apache.isis.core.runtime.services.message.MessageServiceDefault: #introspectUpTo( TYPE_INTROSPECTED )
2020-02-14 02:28:47.589 START: workQueue.size: 1, waited for: 931ms, org.apache.isis.core.runtime.services.persistsession.PersistenceSessionServiceInternalDefault: #introspectUpTo( TYPE_INTROSPECTED )
2020-02-14 02:28:47.608 END: completed in: 19ms, org.apache.isis.core.runtime.services.persistsession.PersistenceSessionServiceInternalDefault: #introspectUpTo( TYPE_INTROSPECTED )
2020-02-14 02:28:47.608 START: workQueue.size: 1, waited for: 950ms, org.apache.isis.applib.annotation.Bulk$InteractionContext: #introspectUpTo( TYPE_INTROSPECTED )
2020-02-14 02:28:47.619 END: completed in: 11ms, org.apache.isis.applib.annotation.Bulk$InteractionContext: #introspectUpTo( TYPE_INTROSPECTED )
2020-02-14 02:28:47.619 START: workQueue.size: 1, waited for: 961ms, org.apache.isis.applib.conmap.ContentMappingServiceForCommandDto: #introspectUpTo( TYPE_INTROSPECTED )
2020-02-14 02:28:47.621 END: completed in: 55ms, org.apache.isis.viewer.restfulobjects.rendering.service.conneg.ContentNegotiationServiceXRoDomainType: #introspectUpTo( TYPE_INTROSPECTED )
2020-02-14 02:28:47.621 START: workQueue.size: 1, waited for: 963ms, org.apache.isis.applib.conmap.ContentMappingServiceForCommandsDto: #introspectUpTo( TYPE_INTROSPECTED )
2020-02-14 02:28:47.624 END: completed in: 4ms, org.apache.isis.applib.conmap.ContentMappingServiceForCommandDto: #introspectUpTo( TYPE_INTROSPECTED )
2020-02-14 02:28:47.624 START: workQueue.size: 1, waited for: 966ms, org.apache.isis.applib.fixturescripts.ExecutionParametersService: #introspectUpTo( TYPE_INTROSPECTED )
2020-02-14 02:28:47.625 END: completed in: 4ms, org.apache.isis.applib.conmap.ContentMappingServiceForCommandsDto: #introspectUpTo( TYPE_INTROSPECTED )
2020-02-14 02:28:47.625 START: workQueue.size: 1, waited for: 967ms, org.apache.isis.applib.services.actinvoc.ActionInvocationContext: #introspectUpTo( TYPE_INTROSPECTED )
2020-02-14 02:28:47.628 END: completed in: 4ms, org.apache.isis.applib.fixturescripts.ExecutionParametersService: #introspectUpTo( TYPE_INTROSPECTED )
2020-02-14 02:28:47.628 START: workQueue.size: 1, waited for: 970ms, org.apache.isis.applib.services.audit.AuditerServiceLogging: #introspectUpTo( TYPE_INTROSPECTED )
2020-02-14 02:28:47.631 END: completed in: 6ms, org.apache.isis.applib.services.actinvoc.ActionInvocationContext: #introspectUpTo( TYPE_INTROSPECTED )
2020-02-14 02:28:47.631 START: workQueue.size: 1, waited for: 973ms, org.apache.isis.applib.services.classdiscovery.ClassDiscoveryServiceUsingReflections: #introspectUpTo( TYPE_INTROSPECTED )
2020-02-14 02:28:47.632 END: completed in: 4ms, org.apache.isis.applib.services.audit.AuditerServiceLogging: #introspectUpTo( TYPE_INTROSPECTED )
2020-02-14 02:28:47.633 START: workQueue.size: 1, waited for: 975ms, org.apache.isis.applib.services.clock.ClockService: #introspectUpTo( TYPE_INTROSPECTED )
2020-02-14 02:28:47.638 END: completed in: 6ms, org.apache.isis.applib.services.classdiscovery.ClassDiscoveryServiceUsingReflections: #introspectUpTo( TYPE_INTROSPECTED )
2020-02-14 02:28:47.638 START: workQueue.size: 1, waited for: 980ms, org.apache.isis.applib.services.command.CommandContext: #introspectUpTo( TYPE_INTROSPECTED )
2020-02-14 02:28:47.641 END: completed in: 3ms, org.apache.isis.applib.services.command.CommandContext: #introspectUpTo( TYPE_INTROSPECTED )
2020-02-14 02:28:47.643 START: workQueue.size: 1, waited for: 984ms, org.apache.isis.applib.services.iactn.InteractionContext: #introspectUpTo( TYPE_INTROSPECTED )
2020-02-14 02:28:47.644 END: completed in: 11ms, org.apache.isis.applib.services.clock.ClockService: #introspectUpTo( TYPE_INTROSPECTED )
2020-02-14 02:28:47.645 START: workQueue.size: 1, waited for: 987ms, org.apache.isis.applib.services.publish.PublisherServiceLogging: #introspectUpTo( TYPE_INTROSPECTED )
2020-02-14 02:28:47.646 END: completed in: 4ms, org.apache.isis.applib.services.iactn.InteractionContext: #introspectUpTo( TYPE_INTROSPECTED )
2020-02-14 02:28:47.647 START: workQueue.size: 1, waited for: 988ms, org.apache.isis.applib.services.queryresultscache.QueryResultsCache: #introspectUpTo( TYPE_INTROSPECTED )
2020-02-14 02:28:47.650 END: completed in: 5ms, org.apache.isis.applib.services.publish.PublisherServiceLogging: #introspectUpTo( TYPE_INTROSPECTED )
2020-02-14 02:28:47.651 START: workQueue.size: 1, waited for: 993ms, org.apache.isis.applib.services.routing.RoutingServiceDefault: #introspectUpTo( TYPE_INTROSPECTED )
2020-02-14 02:28:47.651 END: completed in: 5ms, org.apache.isis.applib.services.queryresultscache.QueryResultsCache: #introspectUpTo( TYPE_INTROSPECTED )
2020-02-14 02:28:47.651 START: workQueue.size: 1, waited for: 993ms, org.apache.isis.applib.services.scratchpad.Scratchpad: #introspectUpTo( TYPE_INTROSPECTED )
2020-02-14 02:28:47.657 END: completed in: 6ms, org.apache.isis.applib.services.scratchpad.Scratchpad: #introspectUpTo( TYPE_INTROSPECTED )
2020-02-14 02:28:47.657 START: workQueue.size: 1, waited for: 999ms, org.apache.isis.applib.services.tablecol.TableColumnOrderService$Default: #introspectUpTo( TYPE_INTROSPECTED )
2020-02-14 02:28:47.657 END: completed in: 6ms, org.apache.isis.applib.services.routing.RoutingServiceDefault: #introspectUpTo( TYPE_INTROSPECTED )
2020-02-14 02:28:47.659 START: workQueue.size: 1, waited for: 1001ms, org.apache.isis.applib.services.urlencoding.UrlEncodingServiceUsingBaseEncoding: #introspectUpTo( TYPE_INTROSPECTED )
2020-02-14 02:28:47.661 END: completed in: 4ms, org.apache.isis.applib.services.tablecol.TableColumnOrderService$Default: #introspectUpTo( TYPE_INTROSPECTED )
2020-02-14 02:28:47.661 START: workQueue.size: 1, waited for: 1003ms, org.apache.isis.core.metamodel.services.appfeat.ApplicationFeatureFactory: #introspectUpTo( TYPE_INTROSPECTED )
2020-02-14 02:28:47.663 END: completed in: 4ms, org.apache.isis.applib.services.urlencoding.UrlEncodingServiceUsingBaseEncoding: #introspectUpTo( TYPE_INTROSPECTED )
2020-02-14 02:28:47.663 START: workQueue.size: 1, waited for: 1005ms, org.apache.isis.core.metamodel.services.appfeat.ApplicationFeatureRepositoryDefault: #introspectUpTo( TYPE_INTROSPECTED )
2020-02-14 02:28:47.666 END: completed in: 4ms, org.apache.isis.core.metamodel.services.appfeat.ApplicationFeatureFactory: #introspectUpTo( TYPE_INTROSPECTED )
2020-02-14 02:28:47.666 START: workQueue.size: 1, waited for: 1008ms, org.apache.isis.core.metamodel.services.bookmarks.BookmarkServiceInternalDefault: #introspectUpTo( TYPE_INTROSPECTED )
2020-02-14 02:28:47.673 END: completed in: 7ms, org.apache.isis.core.metamodel.services.bookmarks.BookmarkServiceInternalDefault: #introspectUpTo( TYPE_INTROSPECTED )
2020-02-14 02:28:47.673 START: workQueue.size: 1, waited for: 1015ms, org.apache.isis.core.metamodel.services.config.ConfigurationServiceDefault: #introspectUpTo( TYPE_INTROSPECTED )
2020-02-14 02:28:47.674 END: completed in: 11ms, org.apache.isis.core.metamodel.services.appfeat.ApplicationFeatureRepositoryDefault: #introspectUpTo( TYPE_INTROSPECTED )
2020-02-14 02:28:47.674 START: workQueue.size: 1, waited for: 1016ms, org.apache.isis.core.metamodel.services.container.DomainObjectContainerDefault: #introspectUpTo( TYPE_INTROSPECTED )
2020-02-14 02:28:47.681 END: completed in: 8ms, org.apache.isis.core.metamodel.services.config.ConfigurationServiceDefault: #introspectUpTo( TYPE_INTROSPECTED )
2020-02-14 02:28:47.681 START: workQueue.size: 1, waited for: 1023ms, org.apache.isis.core.metamodel.services.factory.FactoryServiceInternalDefault: #introspectUpTo( TYPE_INTROSPECTED )
2020-02-14 02:28:47.686 END: completed in: 4ms, org.apache.isis.core.metamodel.services.factory.FactoryServiceInternalDefault: #introspectUpTo( TYPE_INTROSPECTED )
2020-02-14 02:28:47.686 START: workQueue.size: 1, waited for: 1028ms, org.apache.isis.core.metamodel.services.grid.GridLoaderServiceDefault: #introspectUpTo( TYPE_INTROSPECTED )
2020-02-14 02:28:47.692 END: completed in: 5ms, org.apache.isis.core.metamodel.services.grid.GridLoaderServiceDefault: #introspectUpTo( TYPE_INTROSPECTED )
2020-02-14 02:28:47.692 START: workQueue.size: 1, waited for: 1034ms, org.apache.isis.core.metamodel.services.grid.GridServiceDefault: #introspectUpTo( TYPE_INTROSPECTED )
2020-02-14 02:28:47.698 END: completed in: 6ms, org.apache.isis.core.metamodel.services.grid.GridServiceDefault: #introspectUpTo( TYPE_INTROSPECTED )
2020-02-14 02:28:47.698 START: workQueue.size: 1, waited for: 1040ms, org.apache.isis.core.metamodel.services.grid.bootstrap3.GridSystemServiceBS3: #introspectUpTo( TYPE_INTROSPECTED )
2020-02-14 02:28:47.707 END: completed in: 32ms, org.apache.isis.core.metamodel.services.container.DomainObjectContainerDefault: #introspectUpTo( TYPE_INTROSPECTED )
2020-02-14 02:28:47.710 START: workQueue.size: 1, waited for: 1052ms, org.apache.isis.core.metamodel.services.layout.LayoutServiceDefault: #introspectUpTo( TYPE_INTROSPECTED )
2020-02-14 02:28:47.715 END: completed in: 5ms, org.apache.isis.core.metamodel.services.layout.LayoutServiceDefault: #introspectUpTo( TYPE_INTROSPECTED )
2020-02-14 02:28:47.716 START: workQueue.size: 1, waited for: 1058ms, org.apache.isis.core.metamodel.services.message.MessageServiceNoop: #introspectUpTo( TYPE_INTROSPECTED )
2020-02-14 02:28:47.717 END: completed in: 19ms, org.apache.isis.core.metamodel.services.grid.bootstrap3.GridSystemServiceBS3: #introspectUpTo( TYPE_INTROSPECTED )
2020-02-14 02:28:47.717 START: workQueue.size: 1, waited for: 1059ms, org.apache.isis.core.metamodel.services.metamodel.MetaModelServiceDefault: #introspectUpTo( TYPE_INTROSPECTED )
2020-02-14 02:28:47.731 END: completed in: 14ms, org.apache.isis.core.metamodel.services.metamodel.MetaModelServiceDefault: #introspectUpTo( TYPE_INTROSPECTED )
2020-02-14 02:28:47.731 START: workQueue.size: 1, waited for: 1073ms, org.apache.isis.core.metamodel.services.persistsession.PersistenceSessionServiceInternalNoop: #introspectUpTo( TYPE_INTROSPECTED )
2020-02-14 02:28:47.735 END: completed in: 19ms, org.apache.isis.core.metamodel.services.message.MessageServiceNoop: #introspectUpTo( TYPE_INTROSPECTED )
2020-02-14 02:28:47.736 START: workQueue.size: 1, waited for: 1078ms, org.apache.isis.core.metamodel.services.registry.ServiceRegistryDefault: #introspectUpTo( TYPE_INTROSPECTED )
2020-02-14 02:28:47.741 END: completed in: 5ms, org.apache.isis.core.metamodel.services.registry.ServiceRegistryDefault: #introspectUpTo( TYPE_INTROSPECTED )
2020-02-14 02:28:47.742 START: workQueue.size: 1, waited for: 1084ms, org.apache.isis.core.metamodel.services.repository.RepositoryServiceInternalDefault: #introspectUpTo( TYPE_INTROSPECTED )
2020-02-14 02:28:47.747 END: completed in: 16ms, org.apache.isis.core.metamodel.services.persistsession.PersistenceSessionServiceInternalNoop: #introspectUpTo( TYPE_INTROSPECTED )
2020-02-14 02:28:47.747 START: workQueue.size: 1, waited for: 1089ms, org.apache.isis.core.metamodel.services.swagger.SwaggerServiceDefault: #introspectUpTo( TYPE_INTROSPECTED )
2020-02-14 02:28:47.752 END: completed in: 9ms, org.apache.isis.core.metamodel.services.repository.RepositoryServiceInternalDefault: #introspectUpTo( TYPE_INTROSPECTED )
2020-02-14 02:28:47.752 START: workQueue.size: 1, waited for: 1094ms, org.apache.isis.core.metamodel.services.title.TitleServiceDefault: #introspectUpTo( TYPE_INTROSPECTED )
2020-02-14 02:28:47.756 END: completed in: 4ms, org.apache.isis.core.metamodel.services.title.TitleServiceDefault: #introspectUpTo( TYPE_INTROSPECTED )
2020-02-14 02:28:47.757 START: workQueue.size: 1, waited for: 1098ms, org.apache.isis.core.metamodel.services.user.UserServiceDefault: #introspectUpTo( TYPE_INTROSPECTED )
2020-02-14 02:28:47.761 END: completed in: 14ms, org.apache.isis.core.metamodel.services.swagger.SwaggerServiceDefault: #introspectUpTo( TYPE_INTROSPECTED )
2020-02-14 02:28:47.761 START: workQueue.size: 1, waited for: 1103ms, org.apache.isis.core.metamodel.services.user.UserServiceDefault$SudoServiceSpi: #introspectUpTo( TYPE_INTROSPECTED )
2020-02-14 02:28:47.764 END: completed in: 8ms, org.apache.isis.core.metamodel.services.user.UserServiceDefault: #introspectUpTo( TYPE_INTROSPECTED )
2020-02-14 02:28:47.764 START: workQueue.size: 1, waited for: 1106ms, org.apache.isis.core.metamodel.services.xactn.TransactionServiceDefault: #introspectUpTo( TYPE_INTROSPECTED )
2020-02-14 02:28:47.772 END: completed in: 11ms, org.apache.isis.core.metamodel.services.user.UserServiceDefault$SudoServiceSpi: #introspectUpTo( TYPE_INTROSPECTED )
2020-02-14 02:28:47.773 START: workQueue.size: 1, waited for: 1114ms, org.apache.isis.core.runtime.services.auditing.AuditingServiceInternal: #introspectUpTo( TYPE_INTROSPECTED )
2020-02-14 02:28:47.775 END: completed in: 11ms, org.apache.isis.core.metamodel.services.xactn.TransactionServiceDefault: #introspectUpTo( TYPE_INTROSPECTED )
2020-02-14 02:28:47.775 START: workQueue.size: 1, waited for: 1117ms, org.apache.isis.core.runtime.services.authsess.AuthenticationSessionProviderDefault: #introspectUpTo( TYPE_INTROSPECTED )
2020-02-14 02:28:47.776 END: completed in: 4ms, org.apache.isis.core.runtime.services.auditing.AuditingServiceInternal: #introspectUpTo( TYPE_INTROSPECTED )
2020-02-14 02:28:47.776 START: workQueue.size: 1, waited for: 1118ms, org.apache.isis.core.runtime.services.background.BackgroundServiceDefault: #introspectUpTo( TYPE_INTROSPECTED )
2020-02-14 02:28:47.779 END: completed in: 4ms, org.apache.isis.core.runtime.services.authsess.AuthenticationSessionProviderDefault: #introspectUpTo( TYPE_INTROSPECTED )
2020-02-14 02:28:47.788 END: completed in: 12ms, org.apache.isis.core.runtime.services.background.BackgroundServiceDefault: #introspectUpTo( TYPE_INTROSPECTED )
2020-02-14 02:28:47.788 START: workQueue.size: 1, waited for: 1130ms, org.apache.isis.core.runtime.services.changes.ChangedObjectsServiceInternal: #introspectUpTo( TYPE_INTROSPECTED )
2020-02-14 02:28:47.792 START: workQueue.size: 1, waited for: 1134ms, org.apache.isis.core.runtime.services.command.CommandDtoServiceInternalDefault: #introspectUpTo( TYPE_INTROSPECTED )
2020-02-14 02:28:47.799 END: completed in: 7ms, org.apache.isis.core.runtime.services.command.CommandDtoServiceInternalDefault: #introspectUpTo( TYPE_INTROSPECTED )
2020-02-14 02:28:47.799 START: workQueue.size: 1, waited for: 1141ms, org.apache.isis.core.runtime.services.command.CommandServiceDefault: #introspectUpTo( TYPE_INTROSPECTED )
2020-02-14 02:28:47.802 END: completed in: 14ms, org.apache.isis.core.runtime.services.changes.ChangedObjectsServiceInternal: #introspectUpTo( TYPE_INTROSPECTED )
2020-02-14 02:28:47.802 START: workQueue.size: 1, waited for: 1144ms, org.apache.isis.core.runtime.services.email.EmailServiceDefault: #introspectUpTo( TYPE_INTROSPECTED )
2020-02-14 02:28:47.807 END: completed in: 5ms, org.apache.isis.core.runtime.services.email.EmailServiceDefault: #introspectUpTo( TYPE_INTROSPECTED )
2020-02-14 02:28:47.807 START: workQueue.size: 1, waited for: 1149ms, org.apache.isis.core.runtime.services.homepage.HomePageProviderServiceDefault: #introspectUpTo( TYPE_INTROSPECTED )
2020-02-14 02:28:47.808 END: completed in: 9ms, org.apache.isis.core.runtime.services.command.CommandServiceDefault: #introspectUpTo( TYPE_INTROSPECTED )
2020-02-14 02:28:47.809 START: workQueue.size: 1, waited for: 1151ms, org.apache.isis.core.runtime.services.i18n.po.TranslationServicePo: #introspectUpTo( TYPE_INTROSPECTED )
2020-02-14 02:28:47.814 END: completed in: 7ms, org.apache.isis.core.runtime.services.homepage.HomePageProviderServiceDefault: #introspectUpTo( TYPE_INTROSPECTED )
2020-02-14 02:28:47.815 START: workQueue.size: 1, waited for: 1157ms, org.apache.isis.core.runtime.services.ixn.InteractionDtoServiceInternalDefault: #introspectUpTo( TYPE_INTROSPECTED )
2020-02-14 02:28:47.814 END: completed in: 5ms, org.apache.isis.core.runtime.services.i18n.po.TranslationServicePo: #introspectUpTo( TYPE_INTROSPECTED )
2020-02-14 02:28:47.816 START: workQueue.size: 1, waited for: 1158ms, org.apache.isis.core.runtime.services.memento.MementoServiceDefault: #introspectUpTo( TYPE_INTROSPECTED )
2020-02-14 02:28:47.822 END: completed in: 6ms, org.apache.isis.core.runtime.services.memento.MementoServiceDefault: #introspectUpTo( TYPE_INTROSPECTED )
2020-02-14 02:28:47.822 START: workQueue.size: 1, waited for: 1164ms, org.apache.isis.core.runtime.services.metrics.MetricsServiceDefault: #introspectUpTo( TYPE_INTROSPECTED )
2020-02-14 02:28:47.823 END: completed in: 8ms, org.apache.isis.core.runtime.services.ixn.InteractionDtoServiceInternalDefault: #introspectUpTo( TYPE_INTROSPECTED )
2020-02-14 02:28:47.824 START: workQueue.size: 1, waited for: 1165ms, org.apache.isis.core.runtime.services.publish.PublishingServiceInternalDefault: #introspectUpTo( TYPE_INTROSPECTED )
2020-02-14 02:28:47.828 END: completed in: 5ms, org.apache.isis.core.runtime.services.publish.PublishingServiceInternalDefault: #introspectUpTo( TYPE_INTROSPECTED )
2020-02-14 02:28:47.829 START: workQueue.size: 1, waited for: 1171ms, org.apache.isis.core.runtime.services.sessmgmt.SessionManagementServiceDefault: #introspectUpTo( TYPE_INTROSPECTED )
2020-02-14 02:28:47.829 END: completed in: 7ms, org.apache.isis.core.runtime.services.metrics.MetricsServiceDefault: #introspectUpTo( TYPE_INTROSPECTED )
2020-02-14 02:28:47.829 START: workQueue.size: 1, waited for: 1171ms, org.apache.isis.core.runtime.services.sudo.SudoServiceDefault: #introspectUpTo( TYPE_INTROSPECTED )
2020-02-14 02:28:47.833 END: completed in: 4ms, org.apache.isis.core.runtime.services.sessmgmt.SessionManagementServiceDefault: #introspectUpTo( TYPE_INTROSPECTED )
2020-02-14 02:28:47.833 END: completed in: 4ms, org.apache.isis.core.runtime.services.sudo.SudoServiceDefault: #introspectUpTo( TYPE_INTROSPECTED )
2020-02-14 02:28:47.834 START: workQueue.size: 1, waited for: 1176ms, org.apache.isis.core.runtime.services.userreg.EmailNotificationServiceDefault: #introspectUpTo( TYPE_INTROSPECTED )
2020-02-14 02:28:47.835 START: workQueue.size: 1, waited for: 1177ms, org.apache.isis.core.runtime.services.xmlsnapshot.XmlSnapshotServiceDefault: #introspectUpTo( TYPE_INTROSPECTED )
2020-02-14 02:28:47.839 END: completed in: 5ms, org.apache.isis.core.runtime.services.userreg.EmailNotificationServiceDefault: #introspectUpTo( TYPE_INTROSPECTED )
2020-02-14 02:28:47.839 START: workQueue.size: 1, waited for: 1181ms, org.apache.isis.objectstore.jdo.applib.service.exceprecog.ExceptionRecognizerCompositeForJdoObjectStore: #introspectUpTo( TYPE_INTROSPECTED )
2020-02-14 02:28:47.839 END: completed in: 4ms, org.apache.isis.core.runtime.services.xmlsnapshot.XmlSnapshotServiceDefault: #introspectUpTo( TYPE_INTROSPECTED )
2020-02-14 02:28:47.841 START: workQueue.size: 1, waited for: 1183ms, org.apache.isis.objectstore.jdo.datanucleus.service.support.IsisJdoSupportImpl: #introspectUpTo( TYPE_INTROSPECTED )
2020-02-14 02:28:47.849 END: completed in: 8ms, org.apache.isis.objectstore.jdo.datanucleus.service.support.IsisJdoSupportImpl: #introspectUpTo( TYPE_INTROSPECTED )
2020-02-14 02:28:47.849 START: workQueue.size: 1, waited for: 1191ms, org.apache.isis.objectstore.jdo.datanucleus.service.support.TimestampService: #introspectUpTo( TYPE_INTROSPECTED )
2020-02-14 02:28:47.854 END: completed in: 15ms, org.apache.isis.objectstore.jdo.applib.service.exceprecog.ExceptionRecognizerCompositeForJdoObjectStore: #introspectUpTo( TYPE_INTROSPECTED )
2020-02-14 02:28:47.854 START: workQueue.size: 1, waited for: 1196ms, org.apache.isis.schema.services.jaxb.JaxbServiceDefault: #introspectUpTo( TYPE_INTROSPECTED )
2020-02-14 02:28:47.860 END: completed in: 6ms, org.apache.isis.schema.services.jaxb.JaxbServiceDefault: #introspectUpTo( TYPE_INTROSPECTED )
2020-02-14 02:28:47.860 START: workQueue.size: 1, waited for: 1202ms, org.apache.isis.viewer.restfulobjects.rendering.service.RepresentationServiceContentNegotiator: #introspectUpTo( TYPE_INTROSPECTED )
2020-02-14 02:28:47.866 END: completed in: 17ms, org.apache.isis.objectstore.jdo.datanucleus.service.support.TimestampService: #introspectUpTo( TYPE_INTROSPECTED )
2020-02-14 02:28:47.866 START: workQueue.size: 1, waited for: 1208ms, org.apache.isis.viewer.restfulobjects.rendering.service.RepresentationServiceForRestfulObjects: #introspectUpTo( TYPE_INTROSPECTED )
2020-02-14 02:28:47.871 END: completed in: 5ms, org.apache.isis.viewer.restfulobjects.rendering.service.RepresentationServiceForRestfulObjects: #introspectUpTo( TYPE_INTROSPECTED )
2020-02-14 02:28:47.871 START: workQueue.size: 1, waited for: 1213ms, org.apache.isis.viewer.restfulobjects.rendering.service.acceptheader.AcceptHeaderServiceForRest: #introspectUpTo( TYPE_INTROSPECTED )
2020-02-14 02:28:47.886 END: completed in: 26ms, org.apache.isis.viewer.restfulobjects.rendering.service.RepresentationServiceContentNegotiator: #introspectUpTo( TYPE_INTROSPECTED )
2020-02-14 02:28:47.886 START: workQueue.size: 1, waited for: 1228ms, org.apache.isis.viewer.restfulobjects.rendering.service.conneg.ContentNegotiationServiceForRestfulObjectsV1_0: #introspectUpTo( TYPE_INTROSPECTED )
2020-02-14 02:28:47.887 END: completed in: 16ms, org.apache.isis.viewer.restfulobjects.rendering.service.acceptheader.AcceptHeaderServiceForRest: #introspectUpTo( TYPE_INTROSPECTED )
2020-02-14 02:28:47.887 START: workQueue.size: 1, waited for: 1229ms, org.apache.isis.viewer.wicket.viewer.services.BookmarkUiServiceWicket: #introspectUpTo( TYPE_INTROSPECTED )
2020-02-14 02:28:47.892 END: completed in: 5ms, org.apache.isis.viewer.wicket.viewer.services.BookmarkUiServiceWicket: #introspectUpTo( TYPE_INTROSPECTED )
2020-02-14 02:28:47.892 START: workQueue.size: 1, waited for: 1234ms, org.apache.isis.viewer.wicket.viewer.services.DeepLinkServiceWicket: #introspectUpTo( TYPE_INTROSPECTED )
2020-02-14 02:28:47.896 END: completed in: 4ms, org.apache.isis.viewer.wicket.viewer.services.DeepLinkServiceWicket: #introspectUpTo( TYPE_INTROSPECTED )
2020-02-14 02:28:47.896 START: workQueue.size: 1, waited for: 1238ms, org.apache.isis.viewer.wicket.viewer.services.GuiceBeanProviderWicket: #introspectUpTo( TYPE_INTROSPECTED )
2020-02-14 02:28:47.896 END: completed in: 10ms, org.apache.isis.viewer.restfulobjects.rendering.service.conneg.ContentNegotiationServiceForRestfulObjectsV1_0: #introspectUpTo( TYPE_INTROSPECTED )
2020-02-14 02:28:47.903 START: workQueue.size: 1, waited for: 1239ms, org.apache.isis.viewer.wicket.viewer.services.HintStoreUsingWicketSession: #introspectUpTo( TYPE_INTROSPECTED )
2020-02-14 02:28:47.907 END: completed in: 11ms, org.apache.isis.viewer.wicket.viewer.services.GuiceBeanProviderWicket: #introspectUpTo( TYPE_INTROSPECTED )
2020-02-14 02:28:47.907 START: workQueue.size: 1, waited for: 1249ms, org.apache.isis.viewer.wicket.viewer.services.LocaleProviderWicket: #introspectUpTo( TYPE_INTROSPECTED )
2020-02-14 02:28:47.908 END: completed in: 11ms, org.apache.isis.viewer.wicket.viewer.services.HintStoreUsingWicketSession: #introspectUpTo( TYPE_INTROSPECTED )
2020-02-14 02:28:47.909 START: workQueue.size: 1, waited for: 1250ms, org.apache.isis.viewer.wicket.viewer.services.TranslationsResolverWicket: #introspectUpTo( TYPE_INTROSPECTED )
2020-02-14 02:28:47.910 END: completed in: 3ms, org.apache.isis.viewer.wicket.viewer.services.LocaleProviderWicket: #introspectUpTo( TYPE_INTROSPECTED )
2020-02-14 02:28:47.911 START: workQueue.size: 1, waited for: 1252ms, org.apache.isis.applib.services.layout.Object_rebuildMetamodel: #introspectUpTo( TYPE_INTROSPECTED )
2020-02-14 02:28:47.912 END: completed in: 4ms, org.apache.isis.viewer.wicket.viewer.services.TranslationsResolverWicket: #introspectUpTo( TYPE_INTROSPECTED )
2020-02-14 02:28:47.912 START: workQueue.size: 1, waited for: 1254ms, org.apache.isis.applib.services.dto.Dto_downloadXml: #introspectUpTo( TYPE_INTROSPECTED )
2020-02-14 02:28:47.917 END: completed in: 5ms, org.apache.isis.applib.services.dto.Dto_downloadXml: #introspectUpTo( TYPE_INTROSPECTED )
2020-02-14 02:28:47.922 START: workQueue.size: 1, waited for: 1264ms, org.apache.isis.core.metamodel.services.jdosupport.Persistable_downloadJdoMetadata: #introspectUpTo( TYPE_INTROSPECTED )
2020-02-14 02:28:47.927 END: completed in: 5ms, org.apache.isis.core.metamodel.services.jdosupport.Persistable_downloadJdoMetadata: #introspectUpTo( TYPE_INTROSPECTED )
2020-02-14 02:28:47.927 START: workQueue.size: 1, waited for: 1269ms, org.apache.isis.viewer.wicket.viewer.services.Object_clearHints: #introspectUpTo( TYPE_INTROSPECTED )
2020-02-14 02:28:47.920 END: completed in: 10ms, org.apache.isis.applib.services.layout.Object_rebuildMetamodel: #introspectUpTo( TYPE_INTROSPECTED )
2020-02-14 02:28:47.930 START: workQueue.size: 1, waited for: 1272ms, org.apache.isis.applib.services.bookmark.BookmarkHolder_object: #introspectUpTo( TYPE_INTROSPECTED )
2020-02-14 02:28:47.932 END: completed in: 5ms, org.apache.isis.viewer.wicket.viewer.services.Object_clearHints: #introspectUpTo( TYPE_INTROSPECTED )
2020-02-14 02:28:47.933 START: workQueue.size: 1, waited for: 1274ms, org.apache.isis.applib.services.layout.Object_downloadLayoutXml: #introspectUpTo( TYPE_INTROSPECTED )
2020-02-14 02:28:47.936 END: completed in: 6ms, org.apache.isis.applib.services.bookmark.BookmarkHolder_object: #introspectUpTo( TYPE_INTROSPECTED )
2020-02-14 02:28:47.936 START: workQueue.size: 1, waited for: 1278ms, org.apache.isis.applib.services.bookmark.BookmarkHolder_lookup: #introspectUpTo( TYPE_INTROSPECTED )
2020-02-14 02:28:47.941 END: completed in: 5ms, org.apache.isis.applib.services.bookmark.BookmarkHolder_lookup: #introspectUpTo( TYPE_INTROSPECTED )
2020-02-14 02:28:47.942 START: workQueue.size: 1, waited for: 1284ms, org.apache.isis.core.metamodel.services.jdosupport.Persistable_datanucleusIdLong: #introspectUpTo( TYPE_INTROSPECTED )
2020-02-14 02:28:47.937 END: completed in: 5ms, org.apache.isis.applib.services.layout.Object_downloadLayoutXml: #introspectUpTo( TYPE_INTROSPECTED )
2020-02-14 02:28:47.945 START: workQueue.size: 1, waited for: 1287ms, org.apache.isis.core.metamodel.services.jdosupport.Persistable_datanucleusVersionLong: #introspectUpTo( TYPE_INTROSPECTED )
2020-02-14 02:28:47.957 END: completed in: 12ms, org.apache.isis.core.metamodel.services.jdosupport.Persistable_datanucleusVersionLong: #introspectUpTo( TYPE_INTROSPECTED )
2020-02-14 02:28:47.957 START: workQueue.size: 1, waited for: 1299ms, org.apache.isis.applib.services.dto.Dto_downloadXsd: #introspectUpTo( TYPE_INTROSPECTED )
2020-02-14 02:28:47.962 END: completed in: 20ms, org.apache.isis.core.metamodel.services.jdosupport.Persistable_datanucleusIdLong: #introspectUpTo( TYPE_INTROSPECTED )
2020-02-14 02:28:47.962 END: completed in: 5ms, org.apache.isis.applib.services.dto.Dto_downloadXsd: #introspectUpTo( TYPE_INTROSPECTED )
2020-02-14 02:28:47.962 START: workQueue.size: 1, waited for: 1304ms, org.apache.isis.applib.services.layout.Object_openRestApi: #introspectUpTo( TYPE_INTROSPECTED )
2020-02-14 02:28:47.962 START: workQueue.size: 1, waited for: 1304ms, org.apache.isis.core.metamodel.services.jdosupport.Persistable_datanucleusVersionTimestamp: #introspectUpTo( TYPE_INTROSPECTED )
2020-02-14 02:28:47.968 END: completed in: 6ms, org.apache.isis.applib.services.layout.Object_openRestApi: #introspectUpTo( TYPE_INTROSPECTED )
2020-02-14 02:28:47.969 START: workQueue.size: 1, waited for: 1310ms, java.lang.String: #introspectUpTo( TYPE_INTROSPECTED )
2020-02-14 02:28:47.972 END: completed in: 10ms, org.apache.isis.core.metamodel.services.jdosupport.Persistable_datanucleusVersionTimestamp: #introspectUpTo( TYPE_INTROSPECTED )
2020-02-14 02:28:47.972 START: workQueue.size: 1, waited for: 1314ms, byte: #introspectUpTo( TYPE_INTROSPECTED )
2020-02-14 02:28:47.987 END: completed in: 15ms, byte: #introspectUpTo( TYPE_INTROSPECTED )
2020-02-14 02:28:47.987 START: workQueue.size: 1, waited for: 1329ms, java.lang.Byte: #introspectUpTo( TYPE_INTROSPECTED )
2020-02-14 02:28:48.000 END: completed in: 13ms, java.lang.Byte: #introspectUpTo( TYPE_INTROSPECTED )
2020-02-14 02:28:48.000 START: workQueue.size: 1, waited for: 1342ms, short: #introspectUpTo( TYPE_INTROSPECTED )
2020-02-14 02:28:48.011 END: completed in: 11ms, short: #introspectUpTo( TYPE_INTROSPECTED )
2020-02-14 02:28:48.011 START: workQueue.size: 1, waited for: 1353ms, java.lang.Short: #introspectUpTo( TYPE_INTROSPECTED )
2020-02-14 02:28:48.022 END: completed in: 11ms, java.lang.Short: #introspectUpTo( TYPE_INTROSPECTED )
2020-02-14 02:28:48.022 START: workQueue.size: 1, waited for: 1364ms, int: #introspectUpTo( TYPE_INTROSPECTED )
2020-02-14 02:28:48.024 END: completed in: 2ms, int: #introspectUpTo( TYPE_INTROSPECTED )
2020-02-14 02:28:48.024 START: workQueue.size: 1, waited for: 1366ms, java.lang.Integer: #introspectUpTo( TYPE_INTROSPECTED )
2020-02-14 02:28:48.040 END: completed in: 72ms, java.lang.String: #introspectUpTo( TYPE_INTROSPECTED )
2020-02-14 02:28:48.041 START: workQueue.size: 1, waited for: 1383ms, long: #introspectUpTo( TYPE_INTROSPECTED )
2020-02-14 02:28:48.043 END: completed in: 2ms, long: #introspectUpTo( TYPE_INTROSPECTED )
2020-02-14 02:28:48.043 START: workQueue.size: 1, waited for: 1385ms, java.lang.Long: #introspectUpTo( TYPE_INTROSPECTED )
2020-02-14 02:28:48.060 END: completed in: 36ms, java.lang.Integer: #introspectUpTo( TYPE_INTROSPECTED )
2020-02-14 02:28:48.060 START: workQueue.size: 1, waited for: 1402ms, char: #introspectUpTo( TYPE_INTROSPECTED )
2020-02-14 02:28:48.062 END: completed in: 2ms, char: #introspectUpTo( TYPE_INTROSPECTED )
2020-02-14 02:28:48.064 START: workQueue.size: 1, waited for: 1404ms, java.lang.Character: #introspectUpTo( TYPE_INTROSPECTED )
2020-02-14 02:28:48.080 END: completed in: 37ms, java.lang.Long: #introspectUpTo( TYPE_INTROSPECTED )
2020-02-14 02:28:48.080 START: workQueue.size: 1, waited for: 1422ms, boolean: #introspectUpTo( TYPE_INTROSPECTED )
2020-02-14 02:28:48.082 END: completed in: 2ms, boolean: #introspectUpTo( TYPE_INTROSPECTED )
2020-02-14 02:28:48.082 START: workQueue.size: 1, waited for: 1424ms, java.lang.Boolean: #introspectUpTo( TYPE_INTROSPECTED )
2020-02-14 02:28:48.099 END: completed in: 17ms, java.lang.Boolean: #introspectUpTo( TYPE_INTROSPECTED )
2020-02-14 02:28:48.099 START: workQueue.size: 1, waited for: 1441ms, float: #introspectUpTo( TYPE_INTROSPECTED )
2020-02-14 02:28:48.101 END: completed in: 2ms, float: #introspectUpTo( TYPE_INTROSPECTED )
2020-02-14 02:28:48.101 START: workQueue.size: 1, waited for: 1443ms, java.lang.Float: #introspectUpTo( TYPE_INTROSPECTED )
2020-02-14 02:28:48.112 END: completed in: 11ms, java.lang.Float: #introspectUpTo( TYPE_INTROSPECTED )
2020-02-14 02:28:48.113 START: workQueue.size: 1, waited for: 1454ms, double: #introspectUpTo( TYPE_INTROSPECTED )
2020-02-14 02:28:48.123 END: completed in: 11ms, double: #introspectUpTo( TYPE_INTROSPECTED )
2020-02-14 02:28:48.123 START: workQueue.size: 1, waited for: 1465ms, java.lang.Double: #introspectUpTo( TYPE_INTROSPECTED )
2020-02-14 02:28:48.145 END: completed in: 83ms, java.lang.Character: #introspectUpTo( TYPE_INTROSPECTED )
2020-02-14 02:28:48.145 START: workQueue.size: 1, waited for: 1487ms, java.math.BigInteger: #introspectUpTo( TYPE_INTROSPECTED )
2020-02-14 02:28:48.163 END: completed in: 40ms, java.lang.Double: #introspectUpTo( TYPE_INTROSPECTED )
2020-02-14 02:28:48.164 START: workQueue.size: 1, waited for: 1505ms, java.math.BigDecimal: #introspectUpTo( TYPE_INTROSPECTED )
2020-02-14 02:28:48.175 END: completed in: 30ms, java.math.BigInteger: #introspectUpTo( TYPE_INTROSPECTED )
2020-02-14 02:28:48.176 START: workQueue.size: 1, waited for: 1517ms, org.joda.time.DateTime: #introspectUpTo( TYPE_INTROSPECTED )
2020-02-14 02:28:48.195 END: completed in: 32ms, java.math.BigDecimal: #introspectUpTo( TYPE_INTROSPECTED )
2020-02-14 02:28:48.195 START: workQueue.size: 1, waited for: 1537ms, org.joda.time.LocalDateTime: #introspectUpTo( TYPE_INTROSPECTED )
2020-02-14 02:28:48.325 END: completed in: 150ms, org.joda.time.DateTime: #introspectUpTo( TYPE_INTROSPECTED )
2020-02-14 02:28:48.325 START: workQueue.size: 1, waited for: 1667ms, org.joda.time.LocalDate: #introspectUpTo( TYPE_INTROSPECTED )
2020-02-14 02:28:48.326 END: completed in: 131ms, org.joda.time.LocalDateTime: #introspectUpTo( TYPE_INTROSPECTED )
2020-02-14 02:28:48.326 START: workQueue.size: 1, waited for: 1668ms, org.joda.time.LocalTime: #introspectUpTo( TYPE_INTROSPECTED )
2020-02-14 02:28:48.375 END: completed in: 49ms, org.joda.time.LocalTime: #introspectUpTo( TYPE_INTROSPECTED )
2020-02-14 02:28:48.376 START: workQueue.size: 1, waited for: 1718ms, java.sql.Timestamp: #introspectUpTo( TYPE_INTROSPECTED )
2020-02-14 02:28:48.399 END: completed in: 74ms, org.joda.time.LocalDate: #introspectUpTo( TYPE_INTROSPECTED )
2020-02-14 02:28:48.400 START: workQueue.size: 1, waited for: 1742ms, org.apache.isis.applib.value.Blob: #introspectUpTo( TYPE_INTROSPECTED )
2020-02-14 02:28:48.404 END: completed in: 4ms, org.apache.isis.applib.value.Blob: #introspectUpTo( TYPE_INTROSPECTED )
2020-02-14 02:28:48.404 START: workQueue.size: 1, waited for: 1746ms, org.apache.isis.applib.value.Clob: #introspectUpTo( TYPE_INTROSPECTED )
2020-02-14 02:28:48.408 END: completed in: 3ms, org.apache.isis.applib.value.Clob: #introspectUpTo( TYPE_INTROSPECTED )
2020-02-14 02:28:48.408 START: workQueue.size: 1, waited for: 1750ms, domainapp.dom.impl.HelloWorldObject: #introspectUpTo( TYPE_INTROSPECTED )
2020-02-14 02:28:48.428 END: completed in: 52ms, java.sql.Timestamp: #introspectUpTo( TYPE_INTROSPECTED )
2020-02-14 02:28:48.429 START: workQueue.size: 1, waited for: 1771ms, org.apache.isis.applib.domain.DomainObjectList: #introspectUpTo( TYPE_INTROSPECTED )
2020-02-14 02:28:48.464 END: completed in: 35ms, org.apache.isis.applib.domain.DomainObjectList: #introspectUpTo( TYPE_INTROSPECTED )
2020-02-14 02:28:48.464 START: workQueue.size: 1, waited for: 1806ms, org.apache.isis.applib.fixturescripts.FixtureResult: #introspectUpTo( TYPE_INTROSPECTED )
2020-02-14 02:28:48.470 END: completed in: 6ms, org.apache.isis.applib.fixturescripts.FixtureResult: #introspectUpTo( TYPE_INTROSPECTED )
2020-02-14 02:28:48.471 END: completed in: 63ms, domainapp.dom.impl.HelloWorldObject: #introspectUpTo( TYPE_INTROSPECTED )
2020-02-14 02:28:48.471 START: workQueue.size: 1, waited for: 1813ms, org.apache.isis.applib.services.config.ConfigurationProperty: #introspectUpTo( TYPE_INTROSPECTED )
2020-02-14 02:28:48.472 START: workQueue.size: 1, waited for: 1814ms, org.apache.isis.objectstore.jdo.applib.service.DomainChangeJdoAbstract: #introspectUpTo( TYPE_INTROSPECTED )
2020-02-14 02:28:48.477 END: completed in: 6ms, org.apache.isis.applib.services.config.ConfigurationProperty: #introspectUpTo( TYPE_INTROSPECTED )
2020-02-14 02:28:48.477 START: workQueue.size: 1, waited for: 1819ms, org.apache.isis.applib.fixturescripts.SimpleFixtureScript: #introspectUpTo( TYPE_INTROSPECTED )
2020-02-14 02:28:48.484 END: completed in: 12ms, org.apache.isis.objectstore.jdo.applib.service.DomainChangeJdoAbstract: #introspectUpTo( TYPE_INTROSPECTED )
2020-02-14 02:28:48.485 START: workQueue.size: 1, waited for: 1827ms, org.apache.isis.applib.fixturescripts.SimpleFixtureScript: #introspectUpTo( TYPE_INTROSPECTED )
2020-02-14 02:28:48.485 END: completed in: 0ms, org.apache.isis.applib.fixturescripts.SimpleFixtureScript: #introspectUpTo( TYPE_INTROSPECTED )
2020-02-14 02:28:48.485 START: workQueue.size: 1, waited for: 1827ms, org.apache.isis.applib.fixturescripts.DiscoverableFixtureScript: #introspectUpTo( TYPE_INTROSPECTED )
2020-02-14 02:28:48.492 END: completed in: 15ms, org.apache.isis.applib.fixturescripts.SimpleFixtureScript: #introspectUpTo( TYPE_INTROSPECTED )
2020-02-14 02:28:48.492 START: workQueue.size: 1, waited for: 1834ms, org.apache.isis.applib.fixturescripts.FixtureResult: #introspectUpTo( TYPE_INTROSPECTED )
2020-02-14 02:28:48.492 END: completed in: 0ms, org.apache.isis.applib.fixturescripts.FixtureResult: #introspectUpTo( TYPE_INTROSPECTED )
2020-02-14 02:28:48.493 START: workQueue.size: 1, waited for: 1835ms, org.apache.isis.applib.fixturescripts.FixtureScript: #introspectUpTo( TYPE_INTROSPECTED )
2020-02-14 02:28:48.520 END: completed in: 27ms, org.apache.isis.applib.fixturescripts.FixtureScript: #introspectUpTo( TYPE_INTROSPECTED )
2020-02-14 02:28:48.544 END: completed in: 58ms, org.apache.isis.applib.fixturescripts.DiscoverableFixtureScript: #introspectUpTo( TYPE_INTROSPECTED )
2020-02-14 02:28:48.544 join'ing 142 tasks: waited 0 milliseconds 
2020-02-14 02:28:48.546 START: workQueue.size: 0, waited for: 1ms, org.apache.isis.core.runtime.system.session.IsisSessionFactory: #introspectUpTo( TYPE_AND_MEMBERS_INTROSPECTED )
2020-02-14 02:28:48.560 START: workQueue.size: 0, waited for: 15ms, org.apache.isis.core.runtime.system.persistence.PersistenceSessionFactory: #introspectUpTo( TYPE_AND_MEMBERS_INTROSPECTED )
2020-02-14 02:28:48.574 END: completed in: 14ms, org.apache.isis.core.runtime.system.persistence.PersistenceSessionFactory: #introspectUpTo( TYPE_AND_MEMBERS_INTROSPECTED )
2020-02-14 02:28:48.574 END: completed in: 28ms, org.apache.isis.core.runtime.system.session.IsisSessionFactory: #introspectUpTo( TYPE_AND_MEMBERS_INTROSPECTED )
2020-02-14 02:28:48.574 START: workQueue.size: 0, waited for: 29ms, org.apache.isis.core.metamodel.specloader.SpecificationLoader: #introspectUpTo( TYPE_AND_MEMBERS_INTROSPECTED )
2020-02-14 02:28:48.574 START: workQueue.size: 0, waited for: 29ms, org.apache.isis.core.runtime.authorization.standard.AuthorizationManagerStandard: #introspectUpTo( TYPE_AND_MEMBERS_INTROSPECTED )
2020-02-14 02:28:48.575 END: completed in: 1ms, org.apache.isis.core.runtime.authorization.standard.AuthorizationManagerStandard: #introspectUpTo( TYPE_AND_MEMBERS_INTROSPECTED )
2020-02-14 02:28:48.576 START: workQueue.size: 0, waited for: 30ms, org.apache.isis.core.runtime.authentication.standard.AuthenticationManagerStandard: #introspectUpTo( TYPE_AND_MEMBERS_INTROSPECTED )
2020-02-14 02:28:48.576 END: completed in: 1ms, org.apache.isis.core.runtime.authentication.standard.AuthenticationManagerStandard: #introspectUpTo( TYPE_AND_MEMBERS_INTROSPECTED )
2020-02-14 02:28:48.576 START: workQueue.size: 0, waited for: 31ms, org.apache.isis.core.commons.config.IsisConfigurationDefault: #introspectUpTo( TYPE_AND_MEMBERS_INTROSPECTED )
2020-02-14 02:28:48.576 END: completed in: 0ms, org.apache.isis.core.commons.config.IsisConfigurationDefault: #introspectUpTo( TYPE_AND_MEMBERS_INTROSPECTED )
2020-02-14 02:28:48.576 START: workQueue.size: 0, waited for: 31ms, org.apache.isis.core.runtime.services.deplcat.DeploymentCategoryProviderDefault: #introspectUpTo( TYPE_AND_MEMBERS_INTROSPECTED )
2020-02-14 02:28:48.577 END: completed in: 1ms, org.apache.isis.core.runtime.services.deplcat.DeploymentCategoryProviderDefault: #introspectUpTo( TYPE_AND_MEMBERS_INTROSPECTED )
2020-02-14 02:28:48.577 START: workQueue.size: 0, waited for: 32ms, org.apache.isis.objectstore.jdo.datanucleus.service.eventbus.EventBusServiceJdo: #introspectUpTo( TYPE_AND_MEMBERS_INTROSPECTED )
2020-02-14 02:28:48.577 END: completed in: 1ms, org.apache.isis.core.metamodel.specloader.SpecificationLoader: #introspectUpTo( TYPE_AND_MEMBERS_INTROSPECTED )
2020-02-14 02:28:48.577 START: workQueue.size: 0, waited for: 32ms, org.apache.isis.applib.services.queryresultscache.QueryResultsCache$Control: #introspectUpTo( TYPE_AND_MEMBERS_INTROSPECTED )
2020-02-14 02:28:48.577 END: completed in: 0ms, org.apache.isis.applib.services.queryresultscache.QueryResultsCache$Control: #introspectUpTo( TYPE_AND_MEMBERS_INTROSPECTED )
2020-02-14 02:28:48.578 START: workQueue.size: 0, waited for: 33ms, org.apache.isis.applib.services.fixturespec.FixtureScriptsDefault: #introspectUpTo( TYPE_AND_MEMBERS_INTROSPECTED )
2020-02-14 02:28:48.578 END: completed in: 1ms, org.apache.isis.objectstore.jdo.datanucleus.service.eventbus.EventBusServiceJdo: #introspectUpTo( TYPE_AND_MEMBERS_INTROSPECTED )
2020-02-14 02:28:48.578 START: workQueue.size: 0, waited for: 33ms, org.apache.isis.applib.services.layout.LayoutServiceMenu: #introspectUpTo( TYPE_AND_MEMBERS_INTROSPECTED )
2020-02-14 02:28:48.757 END: completed in: 179ms, org.apache.isis.applib.services.layout.LayoutServiceMenu: #introspectUpTo( TYPE_AND_MEMBERS_INTROSPECTED )
2020-02-14 02:28:48.757 START: workQueue.size: 0, waited for: 212ms, org.apache.isis.applib.services.metamodel.MetaModelServicesMenu: #introspectUpTo( TYPE_AND_MEMBERS_INTROSPECTED )
2020-02-14 02:28:48.757 END: completed in: 179ms, org.apache.isis.applib.services.fixturespec.FixtureScriptsDefault: #introspectUpTo( TYPE_AND_MEMBERS_INTROSPECTED )
2020-02-14 02:28:48.757 START: workQueue.size: 0, waited for: 212ms, org.apache.isis.applib.services.swagger.SwaggerServiceMenu: #introspectUpTo( TYPE_AND_MEMBERS_INTROSPECTED )
2020-02-14 02:28:48.787 END: completed in: 30ms, org.apache.isis.applib.services.swagger.SwaggerServiceMenu: #introspectUpTo( TYPE_AND_MEMBERS_INTROSPECTED )
2020-02-14 02:28:48.787 START: workQueue.size: 0, waited for: 242ms, org.apache.isis.core.runtime.services.i18n.po.TranslationServicePoMenu: #introspectUpTo( TYPE_AND_MEMBERS_INTROSPECTED )
2020-02-14 02:28:48.799 END: completed in: 12ms, org.apache.isis.core.runtime.services.i18n.po.TranslationServicePoMenu: #introspectUpTo( TYPE_AND_MEMBERS_INTROSPECTED )
2020-02-14 02:28:48.799 START: workQueue.size: 0, waited for: 254ms, org.apache.isis.applib.services.hsqldb.HsqlDbManagerMenu: #introspectUpTo( TYPE_AND_MEMBERS_INTROSPECTED )
2020-02-14 02:28:48.801 END: completed in: 2ms, org.apache.isis.applib.services.hsqldb.HsqlDbManagerMenu: #introspectUpTo( TYPE_AND_MEMBERS_INTROSPECTED )
2020-02-14 02:28:48.801 START: workQueue.size: 0, waited for: 256ms, org.apache.isis.applib.services.config.ConfigurationServiceMenu: #introspectUpTo( TYPE_AND_MEMBERS_INTROSPECTED )
2020-02-14 02:28:48.817 END: completed in: 16ms, org.apache.isis.applib.services.config.ConfigurationServiceMenu: #introspectUpTo( TYPE_AND_MEMBERS_INTROSPECTED )
2020-02-14 02:28:48.818 START: workQueue.size: 0, waited for: 273ms, org.apache.isis.applib.conmap.ContentMappingServiceForCommandDto$CopyOverFromCommand: #introspectUpTo( TYPE_AND_MEMBERS_INTROSPECTED )
2020-02-14 02:28:48.818 END: completed in: 0ms, org.apache.isis.applib.conmap.ContentMappingServiceForCommandDto$CopyOverFromCommand: #introspectUpTo( TYPE_AND_MEMBERS_INTROSPECTED )
2020-02-14 02:28:48.818 START: workQueue.size: 0, waited for: 273ms, domainapp.dom.impl.HelloWorldObjects: #introspectUpTo( TYPE_AND_MEMBERS_INTROSPECTED )
2020-02-14 02:28:48.822 END: completed in: 65ms, org.apache.isis.applib.services.metamodel.MetaModelServicesMenu: #introspectUpTo( TYPE_AND_MEMBERS_INTROSPECTED )
2020-02-14 02:28:48.822 START: workQueue.size: 0, waited for: 277ms, org.apache.isis.applib.services.dto.DtoMappingHelper: #introspectUpTo( TYPE_AND_MEMBERS_INTROSPECTED )
2020-02-14 02:28:48.823 END: completed in: 1ms, org.apache.isis.applib.services.dto.DtoMappingHelper: #introspectUpTo( TYPE_AND_MEMBERS_INTROSPECTED )
2020-02-14 02:28:48.823 START: workQueue.size: 0, waited for: 278ms, org.apache.isis.core.runtime.services.background.CommandExecutorServiceDefault: #introspectUpTo( TYPE_AND_MEMBERS_INTROSPECTED )
2020-02-14 02:28:48.824 END: completed in: 1ms, org.apache.isis.core.runtime.services.background.CommandExecutorServiceDefault: #introspectUpTo( TYPE_AND_MEMBERS_INTROSPECTED )
2020-02-14 02:28:48.824 START: workQueue.size: 0, waited for: 279ms, org.apache.isis.core.runtime.services.menubars.MenuBarsLoaderServiceDefault: #introspectUpTo( TYPE_AND_MEMBERS_INTROSPECTED )
2020-02-14 02:28:48.825 END: completed in: 1ms, org.apache.isis.core.runtime.services.menubars.MenuBarsLoaderServiceDefault: #introspectUpTo( TYPE_AND_MEMBERS_INTROSPECTED )
2020-02-14 02:28:48.825 START: workQueue.size: 0, waited for: 280ms, org.apache.isis.core.runtime.services.menubars.bootstrap3.MenuBarsServiceBS3: #introspectUpTo( TYPE_AND_MEMBERS_INTROSPECTED )
2020-02-14 02:28:48.826 END: completed in: 1ms, org.apache.isis.core.runtime.services.menubars.bootstrap3.MenuBarsServiceBS3: #introspectUpTo( TYPE_AND_MEMBERS_INTROSPECTED )
2020-02-14 02:28:48.826 START: workQueue.size: 0, waited for: 281ms, org.apache.isis.core.runtime.services.userprof.UserProfileServiceDefault: #introspectUpTo( TYPE_AND_MEMBERS_INTROSPECTED )
2020-02-14 02:28:48.826 END: completed in: 0ms, org.apache.isis.core.runtime.services.userprof.UserProfileServiceDefault: #introspectUpTo( TYPE_AND_MEMBERS_INTROSPECTED )
2020-02-14 02:28:48.826 START: workQueue.size: 0, waited for: 281ms, org.apache.isis.viewer.restfulobjects.rendering.service.conneg.ContentNegotiationServiceXRoDomainType: #introspectUpTo( TYPE_AND_MEMBERS_INTROSPECTED )
2020-02-14 02:28:48.827 END: completed in: 0ms, org.apache.isis.viewer.restfulobjects.rendering.service.conneg.ContentNegotiationServiceXRoDomainType: #introspectUpTo( TYPE_AND_MEMBERS_INTROSPECTED )
2020-02-14 02:28:48.827 START: workQueue.size: 0, waited for: 282ms, org.apache.isis.viewer.restfulobjects.rendering.service.conneg.ContentNegotiationServiceOrgApacheIsisV1: #introspectUpTo( TYPE_AND_MEMBERS_INTROSPECTED )
2020-02-14 02:28:48.827 END: completed in: 0ms, org.apache.isis.viewer.restfulobjects.rendering.service.conneg.ContentNegotiationServiceOrgApacheIsisV1: #introspectUpTo( TYPE_AND_MEMBERS_INTROSPECTED )
2020-02-14 02:28:48.827 START: workQueue.size: 0, waited for: 282ms, org.apache.isis.core.runtime.services.message.MessageServiceDefault: #introspectUpTo( TYPE_AND_MEMBERS_INTROSPECTED )
2020-02-14 02:28:48.827 END: completed in: 0ms, org.apache.isis.core.runtime.services.message.MessageServiceDefault: #introspectUpTo( TYPE_AND_MEMBERS_INTROSPECTED )
2020-02-14 02:28:48.827 START: workQueue.size: 0, waited for: 282ms, org.apache.isis.core.runtime.services.persistsession.PersistenceSessionServiceInternalDefault: #introspectUpTo( TYPE_AND_MEMBERS_INTROSPECTED )
2020-02-14 02:28:48.827 END: completed in: 0ms, org.apache.isis.core.runtime.services.persistsession.PersistenceSessionServiceInternalDefault: #introspectUpTo( TYPE_AND_MEMBERS_INTROSPECTED )
2020-02-14 02:28:48.828 START: workQueue.size: 0, waited for: 283ms, org.apache.isis.applib.annotation.Bulk$InteractionContext: #introspectUpTo( TYPE_AND_MEMBERS_INTROSPECTED )
2020-02-14 02:28:48.828 END: completed in: 0ms, org.apache.isis.applib.annotation.Bulk$InteractionContext: #introspectUpTo( TYPE_AND_MEMBERS_INTROSPECTED )
2020-02-14 02:28:48.828 START: workQueue.size: 0, waited for: 283ms, org.apache.isis.applib.conmap.ContentMappingServiceForCommandDto: #introspectUpTo( TYPE_AND_MEMBERS_INTROSPECTED )
2020-02-14 02:28:48.830 END: completed in: 2ms, org.apache.isis.applib.conmap.ContentMappingServiceForCommandDto: #introspectUpTo( TYPE_AND_MEMBERS_INTROSPECTED )
2020-02-14 02:28:48.830 START: workQueue.size: 0, waited for: 285ms, org.apache.isis.applib.conmap.ContentMappingServiceForCommandsDto: #introspectUpTo( TYPE_AND_MEMBERS_INTROSPECTED )
2020-02-14 02:28:48.831 END: completed in: 1ms, org.apache.isis.applib.conmap.ContentMappingServiceForCommandsDto: #introspectUpTo( TYPE_AND_MEMBERS_INTROSPECTED )
2020-02-14 02:28:48.831 START: workQueue.size: 0, waited for: 286ms, org.apache.isis.applib.fixturescripts.ExecutionParametersService: #introspectUpTo( TYPE_AND_MEMBERS_INTROSPECTED )
2020-02-14 02:28:48.831 END: completed in: 0ms, org.apache.isis.applib.fixturescripts.ExecutionParametersService: #introspectUpTo( TYPE_AND_MEMBERS_INTROSPECTED )
2020-02-14 02:28:48.831 START: workQueue.size: 0, waited for: 286ms, org.apache.isis.applib.services.actinvoc.ActionInvocationContext: #introspectUpTo( TYPE_AND_MEMBERS_INTROSPECTED )
2020-02-14 02:28:48.832 END: completed in: 1ms, org.apache.isis.applib.services.actinvoc.ActionInvocationContext: #introspectUpTo( TYPE_AND_MEMBERS_INTROSPECTED )
2020-02-14 02:28:48.832 START: workQueue.size: 0, waited for: 287ms, org.apache.isis.applib.services.audit.AuditerServiceLogging: #introspectUpTo( TYPE_AND_MEMBERS_INTROSPECTED )
2020-02-14 02:28:48.832 END: completed in: 0ms, org.apache.isis.applib.services.audit.AuditerServiceLogging: #introspectUpTo( TYPE_AND_MEMBERS_INTROSPECTED )
2020-02-14 02:28:48.832 START: workQueue.size: 0, waited for: 287ms, org.apache.isis.applib.services.classdiscovery.ClassDiscoveryServiceUsingReflections: #introspectUpTo( TYPE_AND_MEMBERS_INTROSPECTED )
2020-02-14 02:28:48.832 END: completed in: 0ms, org.apache.isis.applib.services.classdiscovery.ClassDiscoveryServiceUsingReflections: #introspectUpTo( TYPE_AND_MEMBERS_INTROSPECTED )
2020-02-14 02:28:48.832 START: workQueue.size: 0, waited for: 287ms, org.apache.isis.applib.services.clock.ClockService: #introspectUpTo( TYPE_AND_MEMBERS_INTROSPECTED )
2020-02-14 02:28:48.833 END: completed in: 1ms, org.apache.isis.applib.services.clock.ClockService: #introspectUpTo( TYPE_AND_MEMBERS_INTROSPECTED )
2020-02-14 02:28:48.833 START: workQueue.size: 0, waited for: 288ms, org.apache.isis.applib.services.command.CommandContext: #introspectUpTo( TYPE_AND_MEMBERS_INTROSPECTED )
2020-02-14 02:28:48.833 END: completed in: 0ms, org.apache.isis.applib.services.command.CommandContext: #introspectUpTo( TYPE_AND_MEMBERS_INTROSPECTED )
2020-02-14 02:28:48.833 START: workQueue.size: 0, waited for: 288ms, org.apache.isis.applib.services.iactn.InteractionContext: #introspectUpTo( TYPE_AND_MEMBERS_INTROSPECTED )
2020-02-14 02:28:48.833 END: completed in: 15ms, domainapp.dom.impl.HelloWorldObjects: #introspectUpTo( TYPE_AND_MEMBERS_INTROSPECTED )
2020-02-14 02:28:48.833 START: workQueue.size: 0, waited for: 288ms, org.apache.isis.applib.services.publish.PublisherServiceLogging: #introspectUpTo( TYPE_AND_MEMBERS_INTROSPECTED )
2020-02-14 02:28:48.833 END: completed in: 0ms, org.apache.isis.applib.services.iactn.InteractionContext: #introspectUpTo( TYPE_AND_MEMBERS_INTROSPECTED )
2020-02-14 02:28:48.833 START: workQueue.size: 0, waited for: 288ms, org.apache.isis.applib.services.queryresultscache.QueryResultsCache: #introspectUpTo( TYPE_AND_MEMBERS_INTROSPECTED )
2020-02-14 02:28:48.833 END: completed in: 0ms, org.apache.isis.applib.services.publish.PublisherServiceLogging: #introspectUpTo( TYPE_AND_MEMBERS_INTROSPECTED )
2020-02-14 02:28:48.834 START: workQueue.size: 0, waited for: 289ms, org.apache.isis.applib.services.routing.RoutingServiceDefault: #introspectUpTo( TYPE_AND_MEMBERS_INTROSPECTED )
2020-02-14 02:28:48.834 END: completed in: 1ms, org.apache.isis.applib.services.queryresultscache.QueryResultsCache: #introspectUpTo( TYPE_AND_MEMBERS_INTROSPECTED )
2020-02-14 02:28:48.834 START: workQueue.size: 0, waited for: 289ms, org.apache.isis.applib.services.scratchpad.Scratchpad: #introspectUpTo( TYPE_AND_MEMBERS_INTROSPECTED )
2020-02-14 02:28:48.834 END: completed in: 0ms, org.apache.isis.applib.services.routing.RoutingServiceDefault: #introspectUpTo( TYPE_AND_MEMBERS_INTROSPECTED )
2020-02-14 02:28:48.834 START: workQueue.size: 0, waited for: 289ms, org.apache.isis.applib.services.tablecol.TableColumnOrderService$Default: #introspectUpTo( TYPE_AND_MEMBERS_INTROSPECTED )
2020-02-14 02:28:48.834 END: completed in: 0ms, org.apache.isis.applib.services.tablecol.TableColumnOrderService$Default: #introspectUpTo( TYPE_AND_MEMBERS_INTROSPECTED )
2020-02-14 02:28:48.834 START: workQueue.size: 0, waited for: 289ms, org.apache.isis.applib.services.urlencoding.UrlEncodingServiceUsingBaseEncoding: #introspectUpTo( TYPE_AND_MEMBERS_INTROSPECTED )
2020-02-14 02:28:48.835 END: completed in: 1ms, org.apache.isis.applib.services.urlencoding.UrlEncodingServiceUsingBaseEncoding: #introspectUpTo( TYPE_AND_MEMBERS_INTROSPECTED )
2020-02-14 02:28:48.835 START: workQueue.size: 0, waited for: 290ms, org.apache.isis.core.metamodel.services.appfeat.ApplicationFeatureFactory: #introspectUpTo( TYPE_AND_MEMBERS_INTROSPECTED )
2020-02-14 02:28:48.835 END: completed in: 0ms, org.apache.isis.core.metamodel.services.appfeat.ApplicationFeatureFactory: #introspectUpTo( TYPE_AND_MEMBERS_INTROSPECTED )
2020-02-14 02:28:48.835 START: workQueue.size: 0, waited for: 290ms, org.apache.isis.core.metamodel.services.appfeat.ApplicationFeatureRepositoryDefault: #introspectUpTo( TYPE_AND_MEMBERS_INTROSPECTED )
2020-02-14 02:28:48.835 END: completed in: 0ms, org.apache.isis.core.metamodel.services.appfeat.ApplicationFeatureRepositoryDefault: #introspectUpTo( TYPE_AND_MEMBERS_INTROSPECTED )
2020-02-14 02:28:48.835 START: workQueue.size: 0, waited for: 290ms, org.apache.isis.core.metamodel.services.bookmarks.BookmarkServiceInternalDefault: #introspectUpTo( TYPE_AND_MEMBERS_INTROSPECTED )
2020-02-14 02:28:48.836 END: completed in: 1ms, org.apache.isis.core.metamodel.services.bookmarks.BookmarkServiceInternalDefault: #introspectUpTo( TYPE_AND_MEMBERS_INTROSPECTED )
2020-02-14 02:28:48.836 START: workQueue.size: 0, waited for: 291ms, org.apache.isis.core.metamodel.services.config.ConfigurationServiceDefault: #introspectUpTo( TYPE_AND_MEMBERS_INTROSPECTED )
2020-02-14 02:28:48.836 END: completed in: 0ms, org.apache.isis.core.metamodel.services.config.ConfigurationServiceDefault: #introspectUpTo( TYPE_AND_MEMBERS_INTROSPECTED )
2020-02-14 02:28:48.836 START: workQueue.size: 0, waited for: 291ms, org.apache.isis.core.metamodel.services.container.DomainObjectContainerDefault: #introspectUpTo( TYPE_AND_MEMBERS_INTROSPECTED )
2020-02-14 02:28:48.834 END: completed in: 0ms, org.apache.isis.applib.services.scratchpad.Scratchpad: #introspectUpTo( TYPE_AND_MEMBERS_INTROSPECTED )
2020-02-14 02:28:48.837 START: workQueue.size: 0, waited for: 292ms, org.apache.isis.core.metamodel.services.factory.FactoryServiceInternalDefault: #introspectUpTo( TYPE_AND_MEMBERS_INTROSPECTED )
2020-02-14 02:28:48.837 END: completed in: 0ms, org.apache.isis.core.metamodel.services.factory.FactoryServiceInternalDefault: #introspectUpTo( TYPE_AND_MEMBERS_INTROSPECTED )
2020-02-14 02:28:48.837 START: workQueue.size: 0, waited for: 292ms, org.apache.isis.core.metamodel.services.grid.GridLoaderServiceDefault: #introspectUpTo( TYPE_AND_MEMBERS_INTROSPECTED )
2020-02-14 02:28:48.838 END: completed in: 1ms, org.apache.isis.core.metamodel.services.grid.GridLoaderServiceDefault: #introspectUpTo( TYPE_AND_MEMBERS_INTROSPECTED )
2020-02-14 02:28:48.838 START: workQueue.size: 0, waited for: 293ms, org.apache.isis.core.metamodel.services.grid.GridServiceDefault: #introspectUpTo( TYPE_AND_MEMBERS_INTROSPECTED )
2020-02-14 02:28:48.838 END: completed in: 2ms, org.apache.isis.core.metamodel.services.container.DomainObjectContainerDefault: #introspectUpTo( TYPE_AND_MEMBERS_INTROSPECTED )
2020-02-14 02:28:48.838 END: completed in: 0ms, org.apache.isis.core.metamodel.services.grid.GridServiceDefault: #introspectUpTo( TYPE_AND_MEMBERS_INTROSPECTED )
2020-02-14 02:28:48.838 START: workQueue.size: 0, waited for: 293ms, org.apache.isis.core.metamodel.services.grid.bootstrap3.GridSystemServiceBS3: #introspectUpTo( TYPE_AND_MEMBERS_INTROSPECTED )
2020-02-14 02:28:48.839 END: completed in: 1ms, org.apache.isis.core.metamodel.services.grid.bootstrap3.GridSystemServiceBS3: #introspectUpTo( TYPE_AND_MEMBERS_INTROSPECTED )
2020-02-14 02:28:48.839 START: workQueue.size: 0, waited for: 294ms, org.apache.isis.core.metamodel.services.layout.LayoutServiceDefault: #introspectUpTo( TYPE_AND_MEMBERS_INTROSPECTED )
2020-02-14 02:28:48.839 END: completed in: 0ms, org.apache.isis.core.metamodel.services.layout.LayoutServiceDefault: #introspectUpTo( TYPE_AND_MEMBERS_INTROSPECTED )
2020-02-14 02:28:48.839 START: workQueue.size: 0, waited for: 294ms, org.apache.isis.core.metamodel.services.message.MessageServiceNoop: #introspectUpTo( TYPE_AND_MEMBERS_INTROSPECTED )
2020-02-14 02:28:48.839 END: completed in: 0ms, org.apache.isis.core.metamodel.services.message.MessageServiceNoop: #introspectUpTo( TYPE_AND_MEMBERS_INTROSPECTED )
2020-02-14 02:28:48.839 START: workQueue.size: 0, waited for: 294ms, org.apache.isis.core.metamodel.services.metamodel.MetaModelServiceDefault: #introspectUpTo( TYPE_AND_MEMBERS_INTROSPECTED )
2020-02-14 02:28:48.840 END: completed in: 1ms, org.apache.isis.core.metamodel.services.metamodel.MetaModelServiceDefault: #introspectUpTo( TYPE_AND_MEMBERS_INTROSPECTED )
2020-02-14 02:28:48.840 START: workQueue.size: 0, waited for: 295ms, org.apache.isis.core.metamodel.services.persistsession.PersistenceSessionServiceInternalNoop: #introspectUpTo( TYPE_AND_MEMBERS_INTROSPECTED )
2020-02-14 02:28:48.840 END: completed in: 0ms, org.apache.isis.core.metamodel.services.persistsession.PersistenceSessionServiceInternalNoop: #introspectUpTo( TYPE_AND_MEMBERS_INTROSPECTED )
2020-02-14 02:28:48.840 START: workQueue.size: 0, waited for: 295ms, org.apache.isis.core.metamodel.services.registry.ServiceRegistryDefault: #introspectUpTo( TYPE_AND_MEMBERS_INTROSPECTED )
2020-02-14 02:28:49.190 START: workQueue.size: 0, waited for: 645ms, org.apache.isis.core.metamodel.services.repository.RepositoryServiceInternalDefault: #introspectUpTo( TYPE_AND_MEMBERS_INTROSPECTED )
2020-02-14 02:28:49.190 END: completed in: 350ms, org.apache.isis.core.metamodel.services.registry.ServiceRegistryDefault: #introspectUpTo( TYPE_AND_MEMBERS_INTROSPECTED )
2020-02-14 02:28:49.190 END: completed in: 0ms, org.apache.isis.core.metamodel.services.repository.RepositoryServiceInternalDefault: #introspectUpTo( TYPE_AND_MEMBERS_INTROSPECTED )
2020-02-14 02:28:49.190 START: workQueue.size: 0, waited for: 645ms, org.apache.isis.core.metamodel.services.swagger.SwaggerServiceDefault: #introspectUpTo( TYPE_AND_MEMBERS_INTROSPECTED )
2020-02-14 02:28:49.190 START: workQueue.size: 0, waited for: 645ms, org.apache.isis.core.metamodel.services.title.TitleServiceDefault: #introspectUpTo( TYPE_AND_MEMBERS_INTROSPECTED )
2020-02-14 02:28:49.191 END: completed in: 1ms, org.apache.isis.core.metamodel.services.swagger.SwaggerServiceDefault: #introspectUpTo( TYPE_AND_MEMBERS_INTROSPECTED )
2020-02-14 02:28:49.191 START: workQueue.size: 0, waited for: 646ms, org.apache.isis.core.metamodel.services.user.UserServiceDefault: #introspectUpTo( TYPE_AND_MEMBERS_INTROSPECTED )
2020-02-14 02:28:49.191 END: completed in: 1ms, org.apache.isis.core.metamodel.services.title.TitleServiceDefault: #introspectUpTo( TYPE_AND_MEMBERS_INTROSPECTED )
2020-02-14 02:28:49.191 END: completed in: 0ms, org.apache.isis.core.metamodel.services.user.UserServiceDefault: #introspectUpTo( TYPE_AND_MEMBERS_INTROSPECTED )
2020-02-14 02:28:49.191 START: workQueue.size: 0, waited for: 646ms, org.apache.isis.core.metamodel.services.xactn.TransactionServiceDefault: #introspectUpTo( TYPE_AND_MEMBERS_INTROSPECTED )
2020-02-14 02:28:49.191 START: workQueue.size: 0, waited for: 646ms, org.apache.isis.core.metamodel.services.user.UserServiceDefault$SudoServiceSpi: #introspectUpTo( TYPE_AND_MEMBERS_INTROSPECTED )
2020-02-14 02:28:49.191 END: completed in: 0ms, org.apache.isis.core.metamodel.services.xactn.TransactionServiceDefault: #introspectUpTo( TYPE_AND_MEMBERS_INTROSPECTED )
2020-02-14 02:28:49.191 END: completed in: 0ms, org.apache.isis.core.metamodel.services.user.UserServiceDefault$SudoServiceSpi: #introspectUpTo( TYPE_AND_MEMBERS_INTROSPECTED )
2020-02-14 02:28:49.191 START: workQueue.size: 0, waited for: 646ms, org.apache.isis.core.runtime.services.authsess.AuthenticationSessionProviderDefault: #introspectUpTo( TYPE_AND_MEMBERS_INTROSPECTED )
2020-02-14 02:28:49.191 START: workQueue.size: 0, waited for: 646ms, org.apache.isis.core.runtime.services.auditing.AuditingServiceInternal: #introspectUpTo( TYPE_AND_MEMBERS_INTROSPECTED )
2020-02-14 02:28:49.192 END: completed in: 1ms, org.apache.isis.core.runtime.services.auditing.AuditingServiceInternal: #introspectUpTo( TYPE_AND_MEMBERS_INTROSPECTED )
2020-02-14 02:28:49.192 START: workQueue.size: 0, waited for: 647ms, org.apache.isis.core.runtime.services.background.BackgroundServiceDefault: #introspectUpTo( TYPE_AND_MEMBERS_INTROSPECTED )
2020-02-14 02:28:49.192 END: completed in: 0ms, org.apache.isis.core.runtime.services.background.BackgroundServiceDefault: #introspectUpTo( TYPE_AND_MEMBERS_INTROSPECTED )
2020-02-14 02:28:49.193 START: workQueue.size: 0, waited for: 648ms, org.apache.isis.core.runtime.services.changes.ChangedObjectsServiceInternal: #introspectUpTo( TYPE_AND_MEMBERS_INTROSPECTED )
2020-02-14 02:28:49.193 END: completed in: 0ms, org.apache.isis.core.runtime.services.changes.ChangedObjectsServiceInternal: #introspectUpTo( TYPE_AND_MEMBERS_INTROSPECTED )
2020-02-14 02:28:49.193 START: workQueue.size: 0, waited for: 648ms, org.apache.isis.core.runtime.services.command.CommandDtoServiceInternalDefault: #introspectUpTo( TYPE_AND_MEMBERS_INTROSPECTED )
2020-02-14 02:28:49.193 END: completed in: 0ms, org.apache.isis.core.runtime.services.command.CommandDtoServiceInternalDefault: #introspectUpTo( TYPE_AND_MEMBERS_INTROSPECTED )
2020-02-14 02:28:49.193 START: workQueue.size: 0, waited for: 648ms, org.apache.isis.core.runtime.services.command.CommandServiceDefault: #introspectUpTo( TYPE_AND_MEMBERS_INTROSPECTED )
2020-02-14 02:28:49.193 END: completed in: 0ms, org.apache.isis.core.runtime.services.command.CommandServiceDefault: #introspectUpTo( TYPE_AND_MEMBERS_INTROSPECTED )
2020-02-14 02:28:49.193 START: workQueue.size: 0, waited for: 648ms, org.apache.isis.core.runtime.services.email.EmailServiceDefault: #introspectUpTo( TYPE_AND_MEMBERS_INTROSPECTED )
2020-02-14 02:28:49.194 END: completed in: 1ms, org.apache.isis.core.runtime.services.email.EmailServiceDefault: #introspectUpTo( TYPE_AND_MEMBERS_INTROSPECTED )
2020-02-14 02:28:49.194 START: workQueue.size: 0, waited for: 649ms, org.apache.isis.core.runtime.services.homepage.HomePageProviderServiceDefault: #introspectUpTo( TYPE_AND_MEMBERS_INTROSPECTED )
2020-02-14 02:28:49.194 END: completed in: 0ms, org.apache.isis.core.runtime.services.homepage.HomePageProviderServiceDefault: #introspectUpTo( TYPE_AND_MEMBERS_INTROSPECTED )
2020-02-14 02:28:49.194 START: workQueue.size: 0, waited for: 649ms, org.apache.isis.core.runtime.services.i18n.po.TranslationServicePo: #introspectUpTo( TYPE_AND_MEMBERS_INTROSPECTED )
2020-02-14 02:28:49.195 END: completed in: 1ms, org.apache.isis.core.runtime.services.i18n.po.TranslationServicePo: #introspectUpTo( TYPE_AND_MEMBERS_INTROSPECTED )
2020-02-14 02:28:49.195 START: workQueue.size: 0, waited for: 650ms, org.apache.isis.core.runtime.services.ixn.InteractionDtoServiceInternalDefault: #introspectUpTo( TYPE_AND_MEMBERS_INTROSPECTED )
2020-02-14 02:28:49.195 END: completed in: 0ms, org.apache.isis.core.runtime.services.ixn.InteractionDtoServiceInternalDefault: #introspectUpTo( TYPE_AND_MEMBERS_INTROSPECTED )
2020-02-14 02:28:49.195 START: workQueue.size: 0, waited for: 650ms, org.apache.isis.core.runtime.services.memento.MementoServiceDefault: #introspectUpTo( TYPE_AND_MEMBERS_INTROSPECTED )
2020-02-14 02:28:49.195 END: completed in: 0ms, org.apache.isis.core.runtime.services.memento.MementoServiceDefault: #introspectUpTo( TYPE_AND_MEMBERS_INTROSPECTED )
2020-02-14 02:28:49.195 START: workQueue.size: 0, waited for: 650ms, org.apache.isis.core.runtime.services.metrics.MetricsServiceDefault: #introspectUpTo( TYPE_AND_MEMBERS_INTROSPECTED )
2020-02-14 02:28:49.197 END: completed in: 2ms, org.apache.isis.core.runtime.services.metrics.MetricsServiceDefault: #introspectUpTo( TYPE_AND_MEMBERS_INTROSPECTED )
2020-02-14 02:28:49.197 START: workQueue.size: 0, waited for: 652ms, org.apache.isis.core.runtime.services.publish.PublishingServiceInternalDefault: #introspectUpTo( TYPE_AND_MEMBERS_INTROSPECTED )
2020-02-14 02:28:49.197 END: completed in: 0ms, org.apache.isis.core.runtime.services.publish.PublishingServiceInternalDefault: #introspectUpTo( TYPE_AND_MEMBERS_INTROSPECTED )
2020-02-14 02:28:49.197 START: workQueue.size: 0, waited for: 652ms, org.apache.isis.core.runtime.services.sessmgmt.SessionManagementServiceDefault: #introspectUpTo( TYPE_AND_MEMBERS_INTROSPECTED )
2020-02-14 02:28:49.198 END: completed in: 1ms, org.apache.isis.core.runtime.services.sessmgmt.SessionManagementServiceDefault: #introspectUpTo( TYPE_AND_MEMBERS_INTROSPECTED )
2020-02-14 02:28:49.198 START: workQueue.size: 0, waited for: 653ms, org.apache.isis.core.runtime.services.sudo.SudoServiceDefault: #introspectUpTo( TYPE_AND_MEMBERS_INTROSPECTED )
2020-02-14 02:28:49.198 END: completed in: 0ms, org.apache.isis.core.runtime.services.sudo.SudoServiceDefault: #introspectUpTo( TYPE_AND_MEMBERS_INTROSPECTED )
2020-02-14 02:28:49.198 START: workQueue.size: 0, waited for: 653ms, org.apache.isis.core.runtime.services.userreg.EmailNotificationServiceDefault: #introspectUpTo( TYPE_AND_MEMBERS_INTROSPECTED )
2020-02-14 02:28:49.198 END: completed in: 0ms, org.apache.isis.core.runtime.services.userreg.EmailNotificationServiceDefault: #introspectUpTo( TYPE_AND_MEMBERS_INTROSPECTED )
2020-02-14 02:28:49.198 START: workQueue.size: 0, waited for: 653ms, org.apache.isis.core.runtime.services.xmlsnapshot.XmlSnapshotServiceDefault: #introspectUpTo( TYPE_AND_MEMBERS_INTROSPECTED )
2020-02-14 02:28:49.199 END: completed in: 1ms, org.apache.isis.core.runtime.services.xmlsnapshot.XmlSnapshotServiceDefault: #introspectUpTo( TYPE_AND_MEMBERS_INTROSPECTED )
2020-02-14 02:28:49.199 START: workQueue.size: 0, waited for: 654ms, org.apache.isis.objectstore.jdo.applib.service.exceprecog.ExceptionRecognizerCompositeForJdoObjectStore: #introspectUpTo( TYPE_AND_MEMBERS_INTROSPECTED )
2020-02-14 02:28:49.199 END: completed in: 0ms, org.apache.isis.objectstore.jdo.applib.service.exceprecog.ExceptionRecognizerCompositeForJdoObjectStore: #introspectUpTo( TYPE_AND_MEMBERS_INTROSPECTED )
2020-02-14 02:28:49.199 START: workQueue.size: 0, waited for: 654ms, org.apache.isis.objectstore.jdo.datanucleus.service.support.IsisJdoSupportImpl: #introspectUpTo( TYPE_AND_MEMBERS_INTROSPECTED )
2020-02-14 02:28:49.199 END: completed in: 0ms, org.apache.isis.objectstore.jdo.datanucleus.service.support.IsisJdoSupportImpl: #introspectUpTo( TYPE_AND_MEMBERS_INTROSPECTED )
2020-02-14 02:28:49.199 START: workQueue.size: 0, waited for: 654ms, org.apache.isis.objectstore.jdo.datanucleus.service.support.TimestampService: #introspectUpTo( TYPE_AND_MEMBERS_INTROSPECTED )
2020-02-14 02:28:49.199 END: completed in: 0ms, org.apache.isis.objectstore.jdo.datanucleus.service.support.TimestampService: #introspectUpTo( TYPE_AND_MEMBERS_INTROSPECTED )
2020-02-14 02:28:49.200 START: workQueue.size: 0, waited for: 655ms, org.apache.isis.schema.services.jaxb.JaxbServiceDefault: #introspectUpTo( TYPE_AND_MEMBERS_INTROSPECTED )
2020-02-14 02:28:49.200 END: completed in: 0ms, org.apache.isis.schema.services.jaxb.JaxbServiceDefault: #introspectUpTo( TYPE_AND_MEMBERS_INTROSPECTED )
2020-02-14 02:28:49.200 START: workQueue.size: 0, waited for: 655ms, org.apache.isis.viewer.restfulobjects.rendering.service.RepresentationServiceContentNegotiator: #introspectUpTo( TYPE_AND_MEMBERS_INTROSPECTED )
2020-02-14 02:28:49.200 END: completed in: 9ms, org.apache.isis.core.runtime.services.authsess.AuthenticationSessionProviderDefault: #introspectUpTo( TYPE_AND_MEMBERS_INTROSPECTED )
2020-02-14 02:28:49.201 END: completed in: 1ms, org.apache.isis.viewer.restfulobjects.rendering.service.RepresentationServiceContentNegotiator: #introspectUpTo( TYPE_AND_MEMBERS_INTROSPECTED )
2020-02-14 02:28:49.201 START: workQueue.size: 0, waited for: 656ms, org.apache.isis.viewer.restfulobjects.rendering.service.acceptheader.AcceptHeaderServiceForRest: #introspectUpTo( TYPE_AND_MEMBERS_INTROSPECTED )
2020-02-14 02:28:49.201 START: workQueue.size: 0, waited for: 656ms, org.apache.isis.viewer.restfulobjects.rendering.service.RepresentationServiceForRestfulObjects: #introspectUpTo( TYPE_AND_MEMBERS_INTROSPECTED )
2020-02-14 02:28:49.201 END: completed in: 0ms, org.apache.isis.viewer.restfulobjects.rendering.service.acceptheader.AcceptHeaderServiceForRest: #introspectUpTo( TYPE_AND_MEMBERS_INTROSPECTED )
2020-02-14 02:28:49.201 START: workQueue.size: 0, waited for: 656ms, org.apache.isis.viewer.restfulobjects.rendering.service.conneg.ContentNegotiationServiceForRestfulObjectsV1_0: #introspectUpTo( TYPE_AND_MEMBERS_INTROSPECTED )
2020-02-14 02:28:49.201 END: completed in: 0ms, org.apache.isis.viewer.restfulobjects.rendering.service.RepresentationServiceForRestfulObjects: #introspectUpTo( TYPE_AND_MEMBERS_INTROSPECTED )
2020-02-14 02:28:49.201 END: completed in: 0ms, org.apache.isis.viewer.restfulobjects.rendering.service.conneg.ContentNegotiationServiceForRestfulObjectsV1_0: #introspectUpTo( TYPE_AND_MEMBERS_INTROSPECTED )
2020-02-14 02:28:49.201 START: workQueue.size: 0, waited for: 656ms, org.apache.isis.viewer.wicket.viewer.services.BookmarkUiServiceWicket: #introspectUpTo( TYPE_AND_MEMBERS_INTROSPECTED )
2020-02-14 02:28:49.202 END: completed in: 1ms, org.apache.isis.viewer.wicket.viewer.services.BookmarkUiServiceWicket: #introspectUpTo( TYPE_AND_MEMBERS_INTROSPECTED )
2020-02-14 02:28:49.201 START: workQueue.size: 0, waited for: 656ms, org.apache.isis.viewer.wicket.viewer.services.DeepLinkServiceWicket: #introspectUpTo( TYPE_AND_MEMBERS_INTROSPECTED )
2020-02-14 02:28:49.202 END: completed in: 1ms, org.apache.isis.viewer.wicket.viewer.services.DeepLinkServiceWicket: #introspectUpTo( TYPE_AND_MEMBERS_INTROSPECTED )
2020-02-14 02:28:49.202 START: workQueue.size: 0, waited for: 657ms, org.apache.isis.viewer.wicket.viewer.services.HintStoreUsingWicketSession: #introspectUpTo( TYPE_AND_MEMBERS_INTROSPECTED )
2020-02-14 02:28:49.202 END: completed in: 0ms, org.apache.isis.viewer.wicket.viewer.services.HintStoreUsingWicketSession: #introspectUpTo( TYPE_AND_MEMBERS_INTROSPECTED )
2020-02-14 02:28:49.202 START: workQueue.size: 0, waited for: 657ms, org.apache.isis.viewer.wicket.viewer.services.LocaleProviderWicket: #introspectUpTo( TYPE_AND_MEMBERS_INTROSPECTED )
2020-02-14 02:28:49.203 END: completed in: 1ms, org.apache.isis.viewer.wicket.viewer.services.LocaleProviderWicket: #introspectUpTo( TYPE_AND_MEMBERS_INTROSPECTED )
2020-02-14 02:28:49.203 START: workQueue.size: 0, waited for: 658ms, org.apache.isis.viewer.wicket.viewer.services.TranslationsResolverWicket: #introspectUpTo( TYPE_AND_MEMBERS_INTROSPECTED )
2020-02-14 02:28:49.203 END: completed in: 0ms, org.apache.isis.viewer.wicket.viewer.services.TranslationsResolverWicket: #introspectUpTo( TYPE_AND_MEMBERS_INTROSPECTED )
2020-02-14 02:28:49.202 START: workQueue.size: 0, waited for: 657ms, org.apache.isis.viewer.wicket.viewer.services.GuiceBeanProviderWicket: #introspectUpTo( TYPE_AND_MEMBERS_INTROSPECTED )
2020-02-14 02:28:49.203 END: completed in: 1ms, org.apache.isis.viewer.wicket.viewer.services.GuiceBeanProviderWicket: #introspectUpTo( TYPE_AND_MEMBERS_INTROSPECTED )
2020-02-14 02:28:49.203 join'ing 94 tasks: waited 0 milliseconds 
2020-02-14 02:28:49.204 START: workQueue.size: 0, waited for: 0ms, org.apache.isis.applib.services.layout.Object_rebuildMetamodel: #introspectUpTo( TYPE_AND_MEMBERS_INTROSPECTED )
2020-02-14 02:28:49.205 START: workQueue.size: 0, waited for: 1ms, org.apache.isis.applib.services.dto.Dto_downloadXml: #introspectUpTo( TYPE_AND_MEMBERS_INTROSPECTED )
2020-02-14 02:28:49.214 END: completed in: 10ms, org.apache.isis.applib.services.layout.Object_rebuildMetamodel: #introspectUpTo( TYPE_AND_MEMBERS_INTROSPECTED )
2020-02-14 02:28:49.214 START: workQueue.size: 0, waited for: 10ms, org.apache.isis.core.metamodel.services.jdosupport.Persistable_downloadJdoMetadata: #introspectUpTo( TYPE_AND_MEMBERS_INTROSPECTED )
2020-02-14 02:28:49.214 END: completed in: 9ms, org.apache.isis.applib.services.dto.Dto_downloadXml: #introspectUpTo( TYPE_AND_MEMBERS_INTROSPECTED )
2020-02-14 02:28:49.215 START: workQueue.size: 0, waited for: 10ms, org.apache.isis.viewer.wicket.viewer.services.Object_clearHints: #introspectUpTo( TYPE_AND_MEMBERS_INTROSPECTED )
2020-02-14 02:28:49.218 END: completed in: 4ms, org.apache.isis.viewer.wicket.viewer.services.Object_clearHints: #introspectUpTo( TYPE_AND_MEMBERS_INTROSPECTED )
2020-02-14 02:28:49.218 START: workQueue.size: 0, waited for: 14ms, org.apache.isis.applib.services.bookmark.BookmarkHolder_object: #introspectUpTo( TYPE_AND_MEMBERS_INTROSPECTED )
2020-02-14 02:28:49.220 END: completed in: 6ms, org.apache.isis.core.metamodel.services.jdosupport.Persistable_downloadJdoMetadata: #introspectUpTo( TYPE_AND_MEMBERS_INTROSPECTED )
2020-02-14 02:28:49.221 START: workQueue.size: 0, waited for: 17ms, org.apache.isis.applib.services.layout.Object_downloadLayoutXml: #introspectUpTo( TYPE_AND_MEMBERS_INTROSPECTED )
2020-02-14 02:28:49.223 END: completed in: 4ms, org.apache.isis.applib.services.bookmark.BookmarkHolder_object: #introspectUpTo( TYPE_AND_MEMBERS_INTROSPECTED )
2020-02-14 02:28:49.223 START: workQueue.size: 0, waited for: 19ms, org.apache.isis.applib.services.bookmark.BookmarkHolder_lookup: #introspectUpTo( TYPE_AND_MEMBERS_INTROSPECTED )
2020-02-14 02:28:49.227 END: completed in: 4ms, org.apache.isis.applib.services.bookmark.BookmarkHolder_lookup: #introspectUpTo( TYPE_AND_MEMBERS_INTROSPECTED )
2020-02-14 02:28:49.227 START: workQueue.size: 0, waited for: 23ms, org.apache.isis.core.metamodel.services.jdosupport.Persistable_datanucleusIdLong: #introspectUpTo( TYPE_AND_MEMBERS_INTROSPECTED )
2020-02-14 02:28:49.238 END: completed in: 11ms, org.apache.isis.core.metamodel.services.jdosupport.Persistable_datanucleusIdLong: #introspectUpTo( TYPE_AND_MEMBERS_INTROSPECTED )
2020-02-14 02:28:49.239 START: workQueue.size: 0, waited for: 35ms, org.apache.isis.core.metamodel.services.jdosupport.Persistable_datanucleusVersionLong: #introspectUpTo( TYPE_AND_MEMBERS_INTROSPECTED )
2020-02-14 02:28:49.241 END: completed in: 2ms, org.apache.isis.core.metamodel.services.jdosupport.Persistable_datanucleusVersionLong: #introspectUpTo( TYPE_AND_MEMBERS_INTROSPECTED )
2020-02-14 02:28:49.241 START: workQueue.size: 0, waited for: 37ms, org.apache.isis.applib.services.dto.Dto_downloadXsd: #introspectUpTo( TYPE_AND_MEMBERS_INTROSPECTED )
2020-02-14 02:28:49.247 END: completed in: 26ms, org.apache.isis.applib.services.layout.Object_downloadLayoutXml: #introspectUpTo( TYPE_AND_MEMBERS_INTROSPECTED )
2020-02-14 02:28:49.247 START: workQueue.size: 0, waited for: 43ms, org.apache.isis.core.metamodel.services.jdosupport.Persistable_datanucleusVersionTimestamp: #introspectUpTo( TYPE_AND_MEMBERS_INTROSPECTED )
2020-02-14 02:28:49.251 END: completed in: 4ms, org.apache.isis.core.metamodel.services.jdosupport.Persistable_datanucleusVersionTimestamp: #introspectUpTo( TYPE_AND_MEMBERS_INTROSPECTED )
2020-02-14 02:28:49.251 START: workQueue.size: 0, waited for: 47ms, org.apache.isis.applib.services.layout.Object_openRestApi: #introspectUpTo( TYPE_AND_MEMBERS_INTROSPECTED )
2020-02-14 02:28:49.255 END: completed in: 14ms, org.apache.isis.applib.services.dto.Dto_downloadXsd: #introspectUpTo( TYPE_AND_MEMBERS_INTROSPECTED )
2020-02-14 02:28:49.256 END: completed in: 5ms, org.apache.isis.applib.services.layout.Object_openRestApi: #introspectUpTo( TYPE_AND_MEMBERS_INTROSPECTED )
2020-02-14 02:28:49.263 join'ing 12 tasks: waited 0 milliseconds 
2020-02-14 02:28:49.264 END: completed in: 2827ms, SpecificationLoader#init()
2020-02-14 02:28:49.552 END: completed in: 3116ms, persistenceSessionFactory#init(...)
2020-02-14 02:28:49.552 join'ing 5 tasks: waited 0 milliseconds 
2020-02-14 02:28:50.058 join'ing 3 tasks: waited 0 milliseconds 
